TpTrace Verbose: 0 : 15692, 1, 2022/12/26, 13:47:35.209, 10213144658346, vstest.console.dll, Version: 17.2.0-release-20220408-11 Current process architecture: X64
TpTrace Information: 0 : 15692, 1, 2022/12/26, 13:47:35.226, 10213144827440, vstest.console.dll, FilePatternParser: The given file D:\.net2020_var6\Lab3-6_Poliukhovych_Ivanna_var6\Labs_Poliukhovych_Ivanna\Tests\bin\Debug\net6.0\fine-code-coverage\build-output\Tests.dll is a full path.
TpTrace Verbose: 0 : 15692, 1, 2022/12/26, 13:47:35.247, 10213145041434, vstest.console.dll, TestPluginCache.DiscoverTestExtensions: finding test extensions in assemblies ends with: RuntimeProvider.dll TPluginInfo: Microsoft.VisualStudio.TestPlatform.Common.ExtensionFramework.Utilities.TestRuntimePluginInformation TExtension: Microsoft.VisualStudio.TestPlatform.ObjectModel.Host.ITestRuntimeProvider
TpTrace Verbose: 0 : 15692, 1, 2022/12/26, 13:47:35.248, 10213145049448, vstest.console.dll, TestPluginCache.GetExtensionPaths: Filtered extension paths: 
TpTrace Verbose: 0 : 15692, 1, 2022/12/26, 13:47:35.248, 10213145051884, vstest.console.dll, TestPluginCache.GetExtensionPaths: Added default extension paths: C:\Program Files\dotnet\sdk\6.0.307\Extensions\DumpMinitool.exe
C:\Program Files\dotnet\sdk\6.0.307\Extensions\DumpMinitool.x86.exe
C:\Program Files\dotnet\sdk\6.0.307\Extensions\Microsoft.Diagnostics.NETCore.Client.dll
C:\Program Files\dotnet\sdk\6.0.307\Extensions\Microsoft.TestPlatform.Extensions.BlameDataCollector.dll
C:\Program Files\dotnet\sdk\6.0.307\Extensions\Microsoft.TestPlatform.Extensions.EventLogCollector.dll
C:\Program Files\dotnet\sdk\6.0.307\Extensions\Microsoft.TestPlatform.TestHostRuntimeProvider.dll
C:\Program Files\dotnet\sdk\6.0.307\Extensions\Microsoft.VisualStudio.TestPlatform.Extensions.Html.TestLogger.dll
C:\Program Files\dotnet\sdk\6.0.307\Extensions\Microsoft.VisualStudio.TestPlatform.Extensions.Trx.TestLogger.dll
TpTrace Verbose: 0 : 15692, 1, 2022/12/26, 13:47:35.248, 10213145052680, vstest.console.dll, TestPluginCache.GetExtensionPaths: Added unfilterableExtensionPaths: 
TpTrace Information: 0 : 15692, 1, 2022/12/26, 13:47:35.249, 10213145063575, vstest.console.dll, AssemblyResolver.ctor: Creating AssemblyResolver with searchDirectories C:\Program Files\dotnet\sdk\6.0.307\Extensions,C:\Program Files\dotnet\sdk\6.0.307
TpTrace Verbose: 0 : 15692, 1, 2022/12/26, 13:47:35.250, 10213145075309, vstest.console.dll, TestPluginCache.DiscoverTestExtensions: Discovering the extensions using extension path.
TpTrace Verbose: 0 : 15692, 1, 2022/12/26, 13:47:35.251, 10213145077279, vstest.console.dll, TestPluginCache.GetExtensionPaths: Filtered extension paths: 
TpTrace Verbose: 0 : 15692, 1, 2022/12/26, 13:47:35.251, 10213145077967, vstest.console.dll, TestPluginCache.GetExtensionPaths: Added default extension paths: C:\Program Files\dotnet\sdk\6.0.307\Extensions\DumpMinitool.exe
C:\Program Files\dotnet\sdk\6.0.307\Extensions\DumpMinitool.x86.exe
C:\Program Files\dotnet\sdk\6.0.307\Extensions\Microsoft.Diagnostics.NETCore.Client.dll
C:\Program Files\dotnet\sdk\6.0.307\Extensions\Microsoft.TestPlatform.Extensions.BlameDataCollector.dll
C:\Program Files\dotnet\sdk\6.0.307\Extensions\Microsoft.TestPlatform.Extensions.EventLogCollector.dll
C:\Program Files\dotnet\sdk\6.0.307\Extensions\Microsoft.TestPlatform.TestHostRuntimeProvider.dll
C:\Program Files\dotnet\sdk\6.0.307\Extensions\Microsoft.VisualStudio.TestPlatform.Extensions.Html.TestLogger.dll
C:\Program Files\dotnet\sdk\6.0.307\Extensions\Microsoft.VisualStudio.TestPlatform.Extensions.Trx.TestLogger.dll
TpTrace Verbose: 0 : 15692, 1, 2022/12/26, 13:47:35.251, 10213145078432, vstest.console.dll, TestPluginCache.GetExtensionPaths: Added unfilterableExtensionPaths: 
TpTrace Verbose: 0 : 15692, 1, 2022/12/26, 13:47:35.251, 10213145079436, vstest.console.dll, TestPluginCache.DiscoverTestExtensions: Discovering the extensions using allExtensionPaths: C:\Program Files\dotnet\sdk\6.0.307\Extensions\DumpMinitool.exe
C:\Program Files\dotnet\sdk\6.0.307\Extensions\DumpMinitool.x86.exe
C:\Program Files\dotnet\sdk\6.0.307\Extensions\Microsoft.Diagnostics.NETCore.Client.dll
C:\Program Files\dotnet\sdk\6.0.307\Extensions\Microsoft.TestPlatform.Extensions.BlameDataCollector.dll
C:\Program Files\dotnet\sdk\6.0.307\Extensions\Microsoft.TestPlatform.Extensions.EventLogCollector.dll
C:\Program Files\dotnet\sdk\6.0.307\Extensions\Microsoft.TestPlatform.TestHostRuntimeProvider.dll
C:\Program Files\dotnet\sdk\6.0.307\Extensions\Microsoft.VisualStudio.TestPlatform.Extensions.Html.TestLogger.dll
C:\Program Files\dotnet\sdk\6.0.307\Extensions\Microsoft.VisualStudio.TestPlatform.Extensions.Trx.TestLogger.dll
TpTrace Information: 0 : 15692, 1, 2022/12/26, 13:47:35.251, 10213145081934, vstest.console.dll, AssemblyResolver.AddSearchDirectories: Adding more searchDirectories C:\Program Files\dotnet\sdk\6.0.307\Extensions,C:\Program Files\dotnet\sdk\6.0.307
TpTrace Information: 0 : 15692, 1, 2022/12/26, 13:47:35.251, 10213145082735, vstest.console.dll, AssemblyResolver.AddSearchDirectories: Adding more searchDirectories C:\Program Files\dotnet\sdk\6.0.307\Extensions,C:\Program Files\dotnet\sdk\6.0.307
TpTrace Information: 0 : 15692, 1, 2022/12/26, 13:47:35.251, 10213145083228, vstest.console.dll, AssemblyResolver.AddSearchDirectories: Adding more searchDirectories C:\Program Files\dotnet\sdk\6.0.307\Extensions,C:\Program Files\dotnet\sdk\6.0.307
TpTrace Information: 0 : 15692, 1, 2022/12/26, 13:47:35.251, 10213145083724, vstest.console.dll, AssemblyResolver.AddSearchDirectories: Adding more searchDirectories C:\Program Files\dotnet\sdk\6.0.307\Extensions,C:\Program Files\dotnet\sdk\6.0.307
TpTrace Information: 0 : 15692, 1, 2022/12/26, 13:47:35.251, 10213145084157, vstest.console.dll, AssemblyResolver.AddSearchDirectories: Adding more searchDirectories C:\Program Files\dotnet\sdk\6.0.307\Extensions,C:\Program Files\dotnet\sdk\6.0.307
TpTrace Information: 0 : 15692, 1, 2022/12/26, 13:47:35.251, 10213145084581, vstest.console.dll, AssemblyResolver.AddSearchDirectories: Adding more searchDirectories C:\Program Files\dotnet\sdk\6.0.307\Extensions,C:\Program Files\dotnet\sdk\6.0.307
TpTrace Information: 0 : 15692, 1, 2022/12/26, 13:47:35.251, 10213145085052, vstest.console.dll, AssemblyResolver.AddSearchDirectories: Adding more searchDirectories C:\Program Files\dotnet\sdk\6.0.307\Extensions,C:\Program Files\dotnet\sdk\6.0.307
TpTrace Information: 0 : 15692, 1, 2022/12/26, 13:47:35.251, 10213145085485, vstest.console.dll, AssemblyResolver.AddSearchDirectories: Adding more searchDirectories C:\Program Files\dotnet\sdk\6.0.307\Extensions,C:\Program Files\dotnet\sdk\6.0.307
TpTrace Information: 0 : 15692, 1, 2022/12/26, 13:47:35.252, 10213145090564, vstest.console.dll, AssemblyResolver.OnResolve: DumpMinitool: Resolving assembly.
TpTrace Information: 0 : 15692, 1, 2022/12/26, 13:47:35.252, 10213145091624, vstest.console.dll, AssemblyResolver.OnResolve: DumpMinitool: Searching in: 'C:\Program Files\dotnet\sdk\6.0.307\Extensions'.
TpTrace Information: 0 : 15692, 1, 2022/12/26, 13:47:35.252, 10213145093291, vstest.console.dll, AssemblyResolver.OnResolve: DumpMinitool: Assembly path does not exist: 'C:\Program Files\dotnet\sdk\6.0.307\Extensions\DumpMinitool.dll', returning.
TpTrace Information: 0 : 15692, 1, 2022/12/26, 13:47:35.254, 10213145109805, vstest.console.dll, AssemblyResolver.OnResolve: DumpMinitool: Loading assembly 'C:\Program Files\dotnet\sdk\6.0.307\Extensions\DumpMinitool.exe'.
TpTrace Information: 0 : 15692, 1, 2022/12/26, 13:47:35.255, 10213145122862, vstest.console.dll, AssemblyResolver.OnResolve: Resolved assembly: DumpMinitool, from path: C:\Program Files\dotnet\sdk\6.0.307\Extensions\DumpMinitool.exe
TpTrace Verbose: 0 : 15692, 1, 2022/12/26, 13:47:35.263, 10213145199858, vstest.console.dll, MetadataReaderExtensionsHelper: Discovering extensions inside assembly 'DumpMinitool, Version=15.0.0.0, Culture=neutral, PublicKeyToken=b03f5f7f11d50a3a' file path 'C:\Program Files\dotnet\sdk\6.0.307\Extensions\DumpMinitool.exe'
TpTrace Information: 0 : 15692, 1, 2022/12/26, 13:47:35.274, 10213145315026, vstest.console.dll, AssemblyResolver.OnResolve: DumpMinitool.x86: Resolving assembly.
TpTrace Information: 0 : 15692, 1, 2022/12/26, 13:47:35.275, 10213145317011, vstest.console.dll, AssemblyResolver.OnResolve: DumpMinitool.x86: Searching in: 'C:\Program Files\dotnet\sdk\6.0.307\Extensions'.
TpTrace Information: 0 : 15692, 1, 2022/12/26, 13:47:35.275, 10213145318619, vstest.console.dll, AssemblyResolver.OnResolve: DumpMinitool.x86: Assembly path does not exist: 'C:\Program Files\dotnet\sdk\6.0.307\Extensions\DumpMinitool.x86.dll', returning.
TpTrace Information: 0 : 15692, 1, 2022/12/26, 13:47:35.276, 10213145334759, vstest.console.dll, AssemblyResolver.OnResolve: DumpMinitool.x86: Loading assembly 'C:\Program Files\dotnet\sdk\6.0.307\Extensions\DumpMinitool.x86.exe'.
TpTrace Information: 0 : 15692, 1, 2022/12/26, 13:47:35.278, 10213145347573, vstest.console.dll, AssemblyResolver.OnResolve: Resolved assembly: DumpMinitool.x86, from path: C:\Program Files\dotnet\sdk\6.0.307\Extensions\DumpMinitool.x86.exe
TpTrace Verbose: 0 : 15692, 1, 2022/12/26, 13:47:35.278, 10213145349072, vstest.console.dll, MetadataReaderExtensionsHelper: Discovering extensions inside assembly 'DumpMinitool.x86, Version=15.0.0.0, Culture=neutral, PublicKeyToken=b03f5f7f11d50a3a' file path 'C:\Program Files\dotnet\sdk\6.0.307\Extensions\DumpMinitool.x86.exe'
TpTrace Information: 0 : 15692, 1, 2022/12/26, 13:47:35.280, 10213145368159, vstest.console.dll, AssemblyResolver.OnResolve: Microsoft.Diagnostics.NETCore.Client: Resolving assembly.
TpTrace Information: 0 : 15692, 1, 2022/12/26, 13:47:35.280, 10213145369083, vstest.console.dll, AssemblyResolver.OnResolve: Microsoft.Diagnostics.NETCore.Client: Searching in: 'C:\Program Files\dotnet\sdk\6.0.307\Extensions'.
TpTrace Information: 0 : 15692, 1, 2022/12/26, 13:47:35.282, 10213145395941, vstest.console.dll, AssemblyResolver.OnResolve: Microsoft.Diagnostics.NETCore.Client: Loading assembly 'C:\Program Files\dotnet\sdk\6.0.307\Extensions\Microsoft.Diagnostics.NETCore.Client.dll'.
TpTrace Information: 0 : 15692, 1, 2022/12/26, 13:47:35.286, 10213145433741, vstest.console.dll, AssemblyResolver.OnResolve: Resolved assembly: Microsoft.Diagnostics.NETCore.Client, from path: C:\Program Files\dotnet\sdk\6.0.307\Extensions\Microsoft.Diagnostics.NETCore.Client.dll
TpTrace Verbose: 0 : 15692, 1, 2022/12/26, 13:47:35.286, 10213145435572, vstest.console.dll, MetadataReaderExtensionsHelper: Discovering extensions inside assembly 'Microsoft.Diagnostics.NETCore.Client, Version=0.2.5.801, Culture=neutral, PublicKeyToken=31bf3856ad364e35' file path 'C:\Program Files\dotnet\sdk\6.0.307\Extensions\Microsoft.Diagnostics.NETCore.Client.dll'
TpTrace Information: 0 : 15692, 1, 2022/12/26, 13:47:35.296, 10213145528907, vstest.console.dll, AssemblyResolver.OnResolve: Microsoft.Bcl.AsyncInterfaces: Resolving assembly.
TpTrace Information: 0 : 15692, 1, 2022/12/26, 13:47:35.296, 10213145530246, vstest.console.dll, AssemblyResolver.OnResolve: Microsoft.Bcl.AsyncInterfaces: Searching in: 'C:\Program Files\dotnet\sdk\6.0.307\Extensions'.
TpTrace Information: 0 : 15692, 1, 2022/12/26, 13:47:35.296, 10213145531544, vstest.console.dll, AssemblyResolver.OnResolve: Microsoft.Bcl.AsyncInterfaces: Assembly path does not exist: 'C:\Program Files\dotnet\sdk\6.0.307\Extensions\Microsoft.Bcl.AsyncInterfaces.dll', returning.
TpTrace Information: 0 : 15692, 1, 2022/12/26, 13:47:35.296, 10213145532574, vstest.console.dll, AssemblyResolver.OnResolve: Microsoft.Bcl.AsyncInterfaces: Assembly path does not exist: 'C:\Program Files\dotnet\sdk\6.0.307\Extensions\Microsoft.Bcl.AsyncInterfaces.exe', returning.
TpTrace Information: 0 : 15692, 1, 2022/12/26, 13:47:35.296, 10213145533040, vstest.console.dll, AssemblyResolver.OnResolve: Microsoft.Bcl.AsyncInterfaces: Searching in: 'C:\Program Files\dotnet\sdk\6.0.307'.
TpTrace Information: 0 : 15692, 1, 2022/12/26, 13:47:35.296, 10213145534059, vstest.console.dll, AssemblyResolver.OnResolve: Microsoft.Bcl.AsyncInterfaces: Assembly path does not exist: 'C:\Program Files\dotnet\sdk\6.0.307\Microsoft.Bcl.AsyncInterfaces.dll', returning.
TpTrace Information: 0 : 15692, 1, 2022/12/26, 13:47:35.296, 10213145535070, vstest.console.dll, AssemblyResolver.OnResolve: Microsoft.Bcl.AsyncInterfaces: Assembly path does not exist: 'C:\Program Files\dotnet\sdk\6.0.307\Microsoft.Bcl.AsyncInterfaces.exe', returning.
TpTrace Information: 0 : 15692, 1, 2022/12/26, 13:47:35.296, 10213145535556, vstest.console.dll, AssemblyResolver.OnResolve: Microsoft.Bcl.AsyncInterfaces: Failed to load assembly.
TpTrace Verbose: 0 : 15692, 1, 2022/12/26, 13:47:35.297, 10213145536143, vstest.console.dll, CurrentDomainAssemblyResolve: Resolving assembly 'Microsoft.Bcl.AsyncInterfaces'.
TpTrace Information: 0 : 15692, 1, 2022/12/26, 13:47:35.297, 10213145542252, vstest.console.dll, AssemblyResolver.OnResolve: Microsoft.Bcl.AsyncInterfaces: Resolving assembly.
TpTrace Information: 0 : 15692, 1, 2022/12/26, 13:47:35.297, 10213145543567, vstest.console.dll, AssemblyResolver.OnResolve: Microsoft.Bcl.AsyncInterfaces: Resolved from cache.
TpTrace Verbose: 0 : 15692, 1, 2022/12/26, 13:47:35.297, 10213145544130, vstest.console.dll, CurrentDomainAssemblyResolve: Resolving assembly 'Microsoft.Bcl.AsyncInterfaces'.
TpTrace Verbose: 0 : 15692, 1, 2022/12/26, 13:47:35.297, 10213145544761, vstest.console.dll, CurrentDomainAssemblyResolve: Failed to resolve assembly 'Microsoft.Bcl.AsyncInterfaces'.
TpTrace Verbose: 0 : 15692, 1, 2022/12/26, 13:47:35.321, 10213145781474, vstest.console.dll, CurrentDomainAssemblyResolve: Failed to resolve assembly 'Microsoft.Bcl.AsyncInterfaces'.
TpTrace Warning: 0 : 15692, 1, 2022/12/26, 13:47:35.397, 10213146537091, vstest.console.dll, TestPluginDiscoverer: Failed to get types from assembly 'Microsoft.Diagnostics.NETCore.Client, Version=0.2.5.801, Culture=neutral, PublicKeyToken=31bf3856ad364e35'. Error: System.Reflection.ReflectionTypeLoadException: Unable to load one or more of the requested types.
Could not load file or assembly 'Microsoft.Bcl.AsyncInterfaces, Version=1.0.0.0, Culture=neutral, PublicKeyToken=cc7b13ffcd2ddd51'. The system cannot find the file specified.
   at System.Reflection.RuntimeModule.GetTypes(RuntimeModule module)
   at System.Reflection.Assembly.GetTypes()
   at Microsoft.VisualStudio.TestPlatform.Common.ExtensionFramework.TestPluginDiscoverer.GetTestExtensionsFromAssembly[TPluginInfo,TExtension](Assembly assembly, Dictionary`2 pluginInfos, String filePath)
System.IO.FileNotFoundException: Could not load file or assembly 'Microsoft.Bcl.AsyncInterfaces, Version=1.0.0.0, Culture=neutral, PublicKeyToken=cc7b13ffcd2ddd51'. The system cannot find the file specified.
File name: 'Microsoft.Bcl.AsyncInterfaces, Version=1.0.0.0, Culture=neutral, PublicKeyToken=cc7b13ffcd2ddd51'
 ---> System.IO.FileNotFoundException: Could not load file or assembly 'Microsoft.Bcl.AsyncInterfaces, Culture=neutral, PublicKeyToken=null'. The system cannot find the file specified.
File name: 'Microsoft.Bcl.AsyncInterfaces, Culture=neutral, PublicKeyToken=null'
   at System.Reflection.RuntimeAssembly.InternalLoad(ObjectHandleOnStack assemblyName, ObjectHandleOnStack requestingAssembly, StackCrawlMarkHandle stackMark, Boolean throwOnFileNotFound, ObjectHandleOnStack assemblyLoadContext, ObjectHandleOnStack retAssembly)
   at System.Reflection.RuntimeAssembly.InternalLoad(AssemblyName assemblyName, RuntimeAssembly requestingAssembly, StackCrawlMark& stackMark, Boolean throwOnFileNotFound, AssemblyLoadContext assemblyLoadContext)
   at System.Reflection.Assembly.Load(AssemblyName assemblyRef)
   at Microsoft.VisualStudio.TestPlatform.Common.ExtensionFramework.TestPluginCache.CurrentDomainAssemblyResolve(Object sender, AssemblyResolveEventArgs args)
   at Microsoft.VisualStudio.TestPlatform.PlatformAbstractions.PlatformAssemblyResolver.AssemblyResolverEvent(Object sender, Object eventArgs)
   at System.Runtime.Loader.AssemblyLoadContext.GetFirstResolvedAssemblyFromResolvingEvent(AssemblyName assemblyName)
   at System.Runtime.Loader.AssemblyLoadContext.ResolveUsingEvent(AssemblyName assemblyName)
   at System.Runtime.Loader.AssemblyLoadContext.ResolveUsingResolvingEvent(IntPtr gchManagedAssemblyLoadContext, AssemblyName assemblyName)
TpTrace Warning: 0 : 15692, 1, 2022/12/26, 13:47:35.397, 10213146544013, vstest.console.dll, LoaderExceptions: System.IO.FileNotFoundException: Could not load file or assembly 'Microsoft.Bcl.AsyncInterfaces, Version=1.0.0.0, Culture=neutral, PublicKeyToken=cc7b13ffcd2ddd51'. The system cannot find the file specified.
File name: 'Microsoft.Bcl.AsyncInterfaces, Version=1.0.0.0, Culture=neutral, PublicKeyToken=cc7b13ffcd2ddd51'
 ---> System.IO.FileNotFoundException: Could not load file or assembly 'Microsoft.Bcl.AsyncInterfaces, Culture=neutral, PublicKeyToken=null'. The system cannot find the file specified.
File name: 'Microsoft.Bcl.AsyncInterfaces, Culture=neutral, PublicKeyToken=null'
   at System.Reflection.RuntimeAssembly.InternalLoad(ObjectHandleOnStack assemblyName, ObjectHandleOnStack requestingAssembly, StackCrawlMarkHandle stackMark, Boolean throwOnFileNotFound, ObjectHandleOnStack assemblyLoadContext, ObjectHandleOnStack retAssembly)
   at System.Reflection.RuntimeAssembly.InternalLoad(AssemblyName assemblyName, RuntimeAssembly requestingAssembly, StackCrawlMark& stackMark, Boolean throwOnFileNotFound, AssemblyLoadContext assemblyLoadContext)
   at System.Reflection.Assembly.Load(AssemblyName assemblyRef)
   at Microsoft.VisualStudio.TestPlatform.Common.ExtensionFramework.TestPluginCache.CurrentDomainAssemblyResolve(Object sender, AssemblyResolveEventArgs args)
   at Microsoft.VisualStudio.TestPlatform.PlatformAbstractions.PlatformAssemblyResolver.AssemblyResolverEvent(Object sender, Object eventArgs)
   at System.Runtime.Loader.AssemblyLoadContext.GetFirstResolvedAssemblyFromResolvingEvent(AssemblyName assemblyName)
   at System.Runtime.Loader.AssemblyLoadContext.ResolveUsingEvent(AssemblyName assemblyName)
   at System.Runtime.Loader.AssemblyLoadContext.ResolveUsingResolvingEvent(IntPtr gchManagedAssemblyLoadContext, AssemblyName assemblyName)
TpTrace Information: 0 : 15692, 1, 2022/12/26, 13:47:35.398, 10213146546473, vstest.console.dll, AssemblyResolver.OnResolve: Microsoft.TestPlatform.Extensions.BlameDataCollector: Resolving assembly.
TpTrace Information: 0 : 15692, 1, 2022/12/26, 13:47:35.398, 10213146547334, vstest.console.dll, AssemblyResolver.OnResolve: Microsoft.TestPlatform.Extensions.BlameDataCollector: Searching in: 'C:\Program Files\dotnet\sdk\6.0.307\Extensions'.
TpTrace Information: 0 : 15692, 1, 2022/12/26, 13:47:35.399, 10213146558064, vstest.console.dll, AssemblyResolver.OnResolve: Microsoft.TestPlatform.Extensions.BlameDataCollector: Loading assembly 'C:\Program Files\dotnet\sdk\6.0.307\Extensions\Microsoft.TestPlatform.Extensions.BlameDataCollector.dll'.
TpTrace Information: 0 : 15692, 1, 2022/12/26, 13:47:35.400, 10213146570675, vstest.console.dll, AssemblyResolver.OnResolve: Resolved assembly: Microsoft.TestPlatform.Extensions.BlameDataCollector, from path: C:\Program Files\dotnet\sdk\6.0.307\Extensions\Microsoft.TestPlatform.Extensions.BlameDataCollector.dll
TpTrace Verbose: 0 : 15692, 1, 2022/12/26, 13:47:35.400, 10213146572267, vstest.console.dll, MetadataReaderExtensionsHelper: Discovering extensions inside assembly 'Microsoft.TestPlatform.Extensions.BlameDataCollector, Version=15.0.0.0, Culture=neutral, PublicKeyToken=b03f5f7f11d50a3a' file path 'C:\Program Files\dotnet\sdk\6.0.307\Extensions\Microsoft.TestPlatform.Extensions.BlameDataCollector.dll'
TpTrace Information: 0 : 15692, 1, 2022/12/26, 13:47:35.403, 10213146600982, vstest.console.dll, AssemblyResolver.OnResolve: Microsoft.TestPlatform.Extensions.EventLogCollector: Resolving assembly.
TpTrace Information: 0 : 15692, 1, 2022/12/26, 13:47:35.403, 10213146602686, vstest.console.dll, AssemblyResolver.OnResolve: Microsoft.TestPlatform.Extensions.EventLogCollector: Searching in: 'C:\Program Files\dotnet\sdk\6.0.307\Extensions'.
TpTrace Information: 0 : 15692, 1, 2022/12/26, 13:47:35.406, 10213146627773, vstest.console.dll, AssemblyResolver.OnResolve: Microsoft.TestPlatform.Extensions.EventLogCollector: Loading assembly 'C:\Program Files\dotnet\sdk\6.0.307\Extensions\Microsoft.TestPlatform.Extensions.EventLogCollector.dll'.
TpTrace Information: 0 : 15692, 1, 2022/12/26, 13:47:35.407, 10213146641132, vstest.console.dll, AssemblyResolver.OnResolve: Resolved assembly: Microsoft.TestPlatform.Extensions.EventLogCollector, from path: C:\Program Files\dotnet\sdk\6.0.307\Extensions\Microsoft.TestPlatform.Extensions.EventLogCollector.dll
TpTrace Verbose: 0 : 15692, 1, 2022/12/26, 13:47:35.407, 10213146643341, vstest.console.dll, MetadataReaderExtensionsHelper: Discovering extensions inside assembly 'Microsoft.TestPlatform.Extensions.EventLogCollector, Version=15.0.0.0, Culture=neutral, PublicKeyToken=b03f5f7f11d50a3a' file path 'C:\Program Files\dotnet\sdk\6.0.307\Extensions\Microsoft.TestPlatform.Extensions.EventLogCollector.dll'
TpTrace Information: 0 : 15692, 1, 2022/12/26, 13:47:35.411, 10213146680082, vstest.console.dll, AssemblyResolver.OnResolve: Microsoft.TestPlatform.TestHostRuntimeProvider: Resolving assembly.
TpTrace Information: 0 : 15692, 1, 2022/12/26, 13:47:35.411, 10213146681669, vstest.console.dll, AssemblyResolver.OnResolve: Microsoft.TestPlatform.TestHostRuntimeProvider: Searching in: 'C:\Program Files\dotnet\sdk\6.0.307\Extensions'.
TpTrace Information: 0 : 15692, 1, 2022/12/26, 13:47:35.413, 10213146699762, vstest.console.dll, AssemblyResolver.OnResolve: Microsoft.TestPlatform.TestHostRuntimeProvider: Loading assembly 'C:\Program Files\dotnet\sdk\6.0.307\Extensions\Microsoft.TestPlatform.TestHostRuntimeProvider.dll'.
TpTrace Information: 0 : 15692, 1, 2022/12/26, 13:47:35.415, 10213146725513, vstest.console.dll, AssemblyResolver.OnResolve: Resolved assembly: Microsoft.TestPlatform.TestHostRuntimeProvider, from path: C:\Program Files\dotnet\sdk\6.0.307\Extensions\Microsoft.TestPlatform.TestHostRuntimeProvider.dll
TpTrace Verbose: 0 : 15692, 1, 2022/12/26, 13:47:35.416, 10213146727595, vstest.console.dll, MetadataReaderExtensionsHelper: Discovering extensions inside assembly 'Microsoft.TestPlatform.TestHostRuntimeProvider, Version=15.0.0.0, Culture=neutral, PublicKeyToken=b03f5f7f11d50a3a' file path 'C:\Program Files\dotnet\sdk\6.0.307\Extensions\Microsoft.TestPlatform.TestHostRuntimeProvider.dll'
TpTrace Information: 0 : 15692, 1, 2022/12/26, 13:47:35.420, 10213146775008, vstest.console.dll, GetTestExtensionFromType: Register extension with identifier data 'HostProvider://DefaultTestHost' and type 'Microsoft.VisualStudio.TestPlatform.CrossPlatEngine.Hosting.DefaultTestHostManager, Microsoft.TestPlatform.TestHostRuntimeProvider, Version=15.0.0.0, Culture=neutral, PublicKeyToken=b03f5f7f11d50a3a' inside file 'C:\Program Files\dotnet\sdk\6.0.307\Extensions\Microsoft.TestPlatform.TestHostRuntimeProvider.dll'
TpTrace Information: 0 : 15692, 1, 2022/12/26, 13:47:35.421, 10213146777203, vstest.console.dll, GetTestExtensionFromType: Register extension with identifier data 'HostProvider://DotnetTestHost' and type 'Microsoft.VisualStudio.TestPlatform.CrossPlatEngine.Hosting.DotnetTestHostManager, Microsoft.TestPlatform.TestHostRuntimeProvider, Version=15.0.0.0, Culture=neutral, PublicKeyToken=b03f5f7f11d50a3a' inside file 'C:\Program Files\dotnet\sdk\6.0.307\Extensions\Microsoft.TestPlatform.TestHostRuntimeProvider.dll'
TpTrace Information: 0 : 15692, 1, 2022/12/26, 13:47:35.421, 10213146778869, vstest.console.dll, AssemblyResolver.OnResolve: Microsoft.VisualStudio.TestPlatform.Extensions.Html.TestLogger: Resolving assembly.
TpTrace Information: 0 : 15692, 1, 2022/12/26, 13:47:35.421, 10213146779636, vstest.console.dll, AssemblyResolver.OnResolve: Microsoft.VisualStudio.TestPlatform.Extensions.Html.TestLogger: Searching in: 'C:\Program Files\dotnet\sdk\6.0.307\Extensions'.
TpTrace Information: 0 : 15692, 1, 2022/12/26, 13:47:35.423, 10213146800520, vstest.console.dll, AssemblyResolver.OnResolve: Microsoft.VisualStudio.TestPlatform.Extensions.Html.TestLogger: Loading assembly 'C:\Program Files\dotnet\sdk\6.0.307\Extensions\Microsoft.VisualStudio.TestPlatform.Extensions.Html.TestLogger.dll'.
TpTrace Information: 0 : 15692, 1, 2022/12/26, 13:47:35.424, 10213146815777, vstest.console.dll, AssemblyResolver.OnResolve: Resolved assembly: Microsoft.VisualStudio.TestPlatform.Extensions.Html.TestLogger, from path: C:\Program Files\dotnet\sdk\6.0.307\Extensions\Microsoft.VisualStudio.TestPlatform.Extensions.Html.TestLogger.dll
TpTrace Verbose: 0 : 15692, 1, 2022/12/26, 13:47:35.425, 10213146817641, vstest.console.dll, MetadataReaderExtensionsHelper: Discovering extensions inside assembly 'Microsoft.VisualStudio.TestPlatform.Extensions.Html.TestLogger, Version=15.0.0.0, Culture=neutral, PublicKeyToken=b03f5f7f11d50a3a' file path 'C:\Program Files\dotnet\sdk\6.0.307\Extensions\Microsoft.VisualStudio.TestPlatform.Extensions.Html.TestLogger.dll'
TpTrace Information: 0 : 15692, 1, 2022/12/26, 13:47:35.426, 10213146835971, vstest.console.dll, AssemblyResolver.OnResolve: Microsoft.VisualStudio.TestPlatform.Extensions.Trx.TestLogger: Resolving assembly.
TpTrace Information: 0 : 15692, 1, 2022/12/26, 13:47:35.427, 10213146837363, vstest.console.dll, AssemblyResolver.OnResolve: Microsoft.VisualStudio.TestPlatform.Extensions.Trx.TestLogger: Searching in: 'C:\Program Files\dotnet\sdk\6.0.307\Extensions'.
TpTrace Information: 0 : 15692, 1, 2022/12/26, 13:47:35.429, 10213146862120, vstest.console.dll, AssemblyResolver.OnResolve: Microsoft.VisualStudio.TestPlatform.Extensions.Trx.TestLogger: Loading assembly 'C:\Program Files\dotnet\sdk\6.0.307\Extensions\Microsoft.VisualStudio.TestPlatform.Extensions.Trx.TestLogger.dll'.
TpTrace Information: 0 : 15692, 1, 2022/12/26, 13:47:35.431, 10213146884795, vstest.console.dll, AssemblyResolver.OnResolve: Resolved assembly: Microsoft.VisualStudio.TestPlatform.Extensions.Trx.TestLogger, from path: C:\Program Files\dotnet\sdk\6.0.307\Extensions\Microsoft.VisualStudio.TestPlatform.Extensions.Trx.TestLogger.dll
TpTrace Verbose: 0 : 15692, 1, 2022/12/26, 13:47:35.432, 10213146886588, vstest.console.dll, MetadataReaderExtensionsHelper: Discovering extensions inside assembly 'Microsoft.VisualStudio.TestPlatform.Extensions.Trx.TestLogger, Version=15.0.0.0, Culture=neutral, PublicKeyToken=b03f5f7f11d50a3a' file path 'C:\Program Files\dotnet\sdk\6.0.307\Extensions\Microsoft.VisualStudio.TestPlatform.Extensions.Trx.TestLogger.dll'
TpTrace Verbose: 0 : 15692, 1, 2022/12/26, 13:47:35.435, 10213146919352, vstest.console.dll, TestPluginCache: Discovered the extensions using extension path ''.
TpTrace Verbose: 0 : 15692, 1, 2022/12/26, 13:47:35.435, 10213146921144, vstest.console.dll, TestPluginCache: Discoverers are ''.
TpTrace Verbose: 0 : 15692, 1, 2022/12/26, 13:47:35.435, 10213146921919, vstest.console.dll, TestPluginCache: Executors are ''.
TpTrace Verbose: 0 : 15692, 1, 2022/12/26, 13:47:35.435, 10213146922448, vstest.console.dll, TestPluginCache: Executors2 are ''.
TpTrace Verbose: 0 : 15692, 1, 2022/12/26, 13:47:35.435, 10213146922933, vstest.console.dll, TestPluginCache: Setting providers are ''.
TpTrace Verbose: 0 : 15692, 1, 2022/12/26, 13:47:35.435, 10213146923419, vstest.console.dll, TestPluginCache: Loggers are ''.
TpTrace Verbose: 0 : 15692, 1, 2022/12/26, 13:47:35.436, 10213146926458, vstest.console.dll, TestPluginCache: TestHosts are 'HostProvider://DefaultTestHost,HostProvider://DotnetTestHost'.
TpTrace Verbose: 0 : 15692, 1, 2022/12/26, 13:47:35.436, 10213146927222, vstest.console.dll, TestPluginCache: DataCollectors are ''.
TpTrace Information: 0 : 15692, 1, 2022/12/26, 13:47:35.463, 10213147201198, vstest.console.dll, RunTestsArgumentProcessor:Execute: Test run is starting.
TpTrace Verbose: 0 : 15692, 1, 2022/12/26, 13:47:35.463, 10213147202807, vstest.console.dll, RunTestsArgumentProcessor:Execute: Queuing Test run.
TpTrace Information: 0 : 15692, 1, 2022/12/26, 13:47:35.464, 10213147211123, vstest.console.dll, TestRequestManager.RunTests: run tests started.
TpTrace Information: 0 : 15692, 1, 2022/12/26, 13:47:35.471, 10213147279226, vstest.console.dll, AssemblyMetadataProvider.GetFrameWork: Determined framework:'.NETCoreApp,Version=v6.0' for source: 'D:\.net2020_var6\Lab3-6_Poliukhovych_Ivanna_var6\Labs_Poliukhovych_Ivanna\Tests\bin\Debug\net6.0\fine-code-coverage\build-output\Tests.dll'
TpTrace Information: 0 : 15692, 1, 2022/12/26, 13:47:35.471, 10213147282618, vstest.console.dll, Determined framework for all sources: .NETCoreApp,Version=v6.0
TpTrace Verbose: 0 : 15692, 1, 2022/12/26, 13:47:35.472, 10213147291187, vstest.console.dll, TestRequestManager.UpdateRunSettingsIfRequired: Default architecture: X64 IsDefaultTargetArchitecture: True, Current process architecture: X64 OperatingSystem: Windows.
TpTrace Information: 0 : 15692, 1, 2022/12/26, 13:47:35.473, 10213147296549, vstest.console.dll, AssemblyMetadataProvider.GetArchitecture: Determined architecture:AnyCPU info for assembly: D:\.net2020_var6\Lab3-6_Poliukhovych_Ivanna_var6\Labs_Poliukhovych_Ivanna\Tests\bin\Debug\net6.0\fine-code-coverage\build-output\Tests.dll
TpTrace Information: 0 : 15692, 1, 2022/12/26, 13:47:35.473, 10213147297454, vstest.console.dll, Determined platform for source 'D:\.net2020_var6\Lab3-6_Poliukhovych_Ivanna_var6\Labs_Poliukhovych_Ivanna\Tests\bin\Debug\net6.0\fine-code-coverage\build-output\Tests.dll' is 'AnyCPU'
TpTrace Information: 0 : 15692, 1, 2022/12/26, 13:47:35.477, 10213147338145, vstest.console.dll, Determined platform for all sources: X64
TpTrace Information: 0 : 15692, 1, 2022/12/26, 13:47:35.477, 10213147339614, vstest.console.dll, Infered platform 'X64'.
TpTrace Information: 0 : 15692, 1, 2022/12/26, 13:47:35.477, 10213147340314, vstest.console.dll, Platform update to 'X64' required.
TpTrace Information: 0 : 15692, 1, 2022/12/26, 13:47:35.483, 10213147399010, vstest.console.dll, Compatible sources list: 
TpTrace Information: 0 : 15692, 1, 2022/12/26, 13:47:35.483, 10213147400663, vstest.console.dll, D:\.net2020_var6\Lab3-6_Poliukhovych_Ivanna_var6\Labs_Poliukhovych_Ivanna\Tests\bin\Debug\net6.0\fine-code-coverage\build-output\Tests.dll
TpTrace Information: 0 : 15692, 1, 2022/12/26, 13:47:35.492, 10213147486727, vstest.console.dll, InferRunSettingsHelper.IsTestSettingsEnabled: Unable to navigate to RunSettings/MSTest. Current node: RunSettings
TpTrace Information: 0 : 15692, 1, 2022/12/26, 13:47:35.493, 10213147505458, vstest.console.dll, AssemblyResolver.OnResolve: Microsoft.VisualStudio.TestPlatform.Fakes: Resolving assembly.
TpTrace Information: 0 : 15692, 1, 2022/12/26, 13:47:35.494, 10213147507447, vstest.console.dll, AssemblyResolver.OnResolve: Microsoft.VisualStudio.TestPlatform.Fakes: Searching in: 'C:\Program Files\dotnet\sdk\6.0.307\Extensions'.
TpTrace Information: 0 : 15692, 1, 2022/12/26, 13:47:35.494, 10213147510235, vstest.console.dll, AssemblyResolver.OnResolve: Microsoft.VisualStudio.TestPlatform.Fakes: Assembly path does not exist: 'C:\Program Files\dotnet\sdk\6.0.307\Extensions\Microsoft.VisualStudio.TestPlatform.Fakes.dll', returning.
TpTrace Information: 0 : 15692, 1, 2022/12/26, 13:47:35.494, 10213147512378, vstest.console.dll, AssemblyResolver.OnResolve: Microsoft.VisualStudio.TestPlatform.Fakes: Assembly path does not exist: 'C:\Program Files\dotnet\sdk\6.0.307\Extensions\Microsoft.VisualStudio.TestPlatform.Fakes.exe', returning.
TpTrace Information: 0 : 15692, 1, 2022/12/26, 13:47:35.494, 10213147513490, vstest.console.dll, AssemblyResolver.OnResolve: Microsoft.VisualStudio.TestPlatform.Fakes: Searching in: 'C:\Program Files\dotnet\sdk\6.0.307'.
TpTrace Information: 0 : 15692, 1, 2022/12/26, 13:47:35.494, 10213147515254, vstest.console.dll, AssemblyResolver.OnResolve: Microsoft.VisualStudio.TestPlatform.Fakes: Assembly path does not exist: 'C:\Program Files\dotnet\sdk\6.0.307\Microsoft.VisualStudio.TestPlatform.Fakes.dll', returning.
TpTrace Information: 0 : 15692, 1, 2022/12/26, 13:47:35.495, 10213147516601, vstest.console.dll, AssemblyResolver.OnResolve: Microsoft.VisualStudio.TestPlatform.Fakes: Assembly path does not exist: 'C:\Program Files\dotnet\sdk\6.0.307\Microsoft.VisualStudio.TestPlatform.Fakes.exe', returning.
TpTrace Information: 0 : 15692, 1, 2022/12/26, 13:47:35.495, 10213147517227, vstest.console.dll, AssemblyResolver.OnResolve: Microsoft.VisualStudio.TestPlatform.Fakes: Failed to load assembly.
TpTrace Information: 0 : 15692, 1, 2022/12/26, 13:47:35.495, 10213147523073, vstest.console.dll, Failed to load assembly Microsoft.VisualStudio.TestPlatform.Fakes, Version=17.0.0.0, Culture=neutral. Reason:System.IO.FileNotFoundException: Could not load file or assembly 'Microsoft.VisualStudio.TestPlatform.Fakes, Version=17.0.0.0, Culture=neutral, PublicKeyToken=null'. The system cannot find the file specified.
File name: 'Microsoft.VisualStudio.TestPlatform.Fakes, Version=17.0.0.0, Culture=neutral, PublicKeyToken=null'
   at System.Reflection.RuntimeAssembly.InternalLoad(ObjectHandleOnStack assemblyName, ObjectHandleOnStack requestingAssembly, StackCrawlMarkHandle stackMark, Boolean throwOnFileNotFound, ObjectHandleOnStack assemblyLoadContext, ObjectHandleOnStack retAssembly)
   at System.Reflection.RuntimeAssembly.InternalLoad(AssemblyName assemblyName, RuntimeAssembly requestingAssembly, StackCrawlMark& stackMark, Boolean throwOnFileNotFound, AssemblyLoadContext assemblyLoadContext)
   at System.Reflection.Assembly.Load(AssemblyName assemblyRef)
   at Microsoft.VisualStudio.TestPlatform.Common.Utilities.FakesUtilities.LoadTestPlatformAssembly()
TpTrace Verbose: 0 : 15692, 1, 2022/12/26, 13:47:35.503, 10213147606012, vstest.console.dll, TestPluginCache.DiscoverTestExtensions: finding test extensions in assemblies ends with: TestLogger.dll TPluginInfo: Microsoft.VisualStudio.TestPlatform.Common.ExtensionFramework.Utilities.TestLoggerPluginInformation TExtension: Microsoft.VisualStudio.TestPlatform.ObjectModel.Client.ITestLogger
TpTrace Verbose: 0 : 15692, 1, 2022/12/26, 13:47:35.504, 10213147607992, vstest.console.dll, TestPluginCache.GetExtensionPaths: Filtered extension paths: 
TpTrace Verbose: 0 : 15692, 1, 2022/12/26, 13:47:35.504, 10213147608853, vstest.console.dll, TestPluginCache.GetExtensionPaths: Added default extension paths: C:\Program Files\dotnet\sdk\6.0.307\Extensions\DumpMinitool.exe
C:\Program Files\dotnet\sdk\6.0.307\Extensions\DumpMinitool.x86.exe
C:\Program Files\dotnet\sdk\6.0.307\Extensions\Microsoft.Diagnostics.NETCore.Client.dll
C:\Program Files\dotnet\sdk\6.0.307\Extensions\Microsoft.TestPlatform.Extensions.BlameDataCollector.dll
C:\Program Files\dotnet\sdk\6.0.307\Extensions\Microsoft.TestPlatform.Extensions.EventLogCollector.dll
C:\Program Files\dotnet\sdk\6.0.307\Extensions\Microsoft.TestPlatform.TestHostRuntimeProvider.dll
C:\Program Files\dotnet\sdk\6.0.307\Extensions\Microsoft.VisualStudio.TestPlatform.Extensions.Html.TestLogger.dll
C:\Program Files\dotnet\sdk\6.0.307\Extensions\Microsoft.VisualStudio.TestPlatform.Extensions.Trx.TestLogger.dll
TpTrace Verbose: 0 : 15692, 1, 2022/12/26, 13:47:35.504, 10213147609614, vstest.console.dll, TestPluginCache.GetExtensionPaths: Added unfilterableExtensionPaths: 
TpTrace Information: 0 : 15692, 1, 2022/12/26, 13:47:35.504, 10213147612425, vstest.console.dll, AssemblyResolver.AddSearchDirectories: Adding more searchDirectories C:\Program Files\dotnet\sdk\6.0.307\Extensions,C:\Program Files\dotnet\sdk\6.0.307
TpTrace Verbose: 0 : 15692, 1, 2022/12/26, 13:47:35.504, 10213147613328, vstest.console.dll, TestPluginCache.DiscoverTestExtensions: Discovering the extensions using extension path.
TpTrace Verbose: 0 : 15692, 1, 2022/12/26, 13:47:35.504, 10213147614345, vstest.console.dll, TestPluginCache.GetExtensionPaths: Filtered extension paths: 
TpTrace Verbose: 0 : 15692, 1, 2022/12/26, 13:47:35.504, 10213147615011, vstest.console.dll, TestPluginCache.GetExtensionPaths: Added default extension paths: C:\Program Files\dotnet\sdk\6.0.307\Extensions\DumpMinitool.exe
C:\Program Files\dotnet\sdk\6.0.307\Extensions\DumpMinitool.x86.exe
C:\Program Files\dotnet\sdk\6.0.307\Extensions\Microsoft.Diagnostics.NETCore.Client.dll
C:\Program Files\dotnet\sdk\6.0.307\Extensions\Microsoft.TestPlatform.Extensions.BlameDataCollector.dll
C:\Program Files\dotnet\sdk\6.0.307\Extensions\Microsoft.TestPlatform.Extensions.EventLogCollector.dll
C:\Program Files\dotnet\sdk\6.0.307\Extensions\Microsoft.TestPlatform.TestHostRuntimeProvider.dll
C:\Program Files\dotnet\sdk\6.0.307\Extensions\Microsoft.VisualStudio.TestPlatform.Extensions.Html.TestLogger.dll
C:\Program Files\dotnet\sdk\6.0.307\Extensions\Microsoft.VisualStudio.TestPlatform.Extensions.Trx.TestLogger.dll
TpTrace Verbose: 0 : 15692, 1, 2022/12/26, 13:47:35.505, 10213147616754, vstest.console.dll, TestPluginCache.GetExtensionPaths: Added unfilterableExtensionPaths: 
TpTrace Verbose: 0 : 15692, 1, 2022/12/26, 13:47:35.505, 10213147617679, vstest.console.dll, TestPluginCache.DiscoverTestExtensions: Discovering the extensions using allExtensionPaths: C:\Program Files\dotnet\sdk\6.0.307\Extensions\DumpMinitool.exe
C:\Program Files\dotnet\sdk\6.0.307\Extensions\DumpMinitool.x86.exe
C:\Program Files\dotnet\sdk\6.0.307\Extensions\Microsoft.Diagnostics.NETCore.Client.dll
C:\Program Files\dotnet\sdk\6.0.307\Extensions\Microsoft.TestPlatform.Extensions.BlameDataCollector.dll
C:\Program Files\dotnet\sdk\6.0.307\Extensions\Microsoft.TestPlatform.Extensions.EventLogCollector.dll
C:\Program Files\dotnet\sdk\6.0.307\Extensions\Microsoft.TestPlatform.TestHostRuntimeProvider.dll
C:\Program Files\dotnet\sdk\6.0.307\Extensions\Microsoft.VisualStudio.TestPlatform.Extensions.Html.TestLogger.dll
C:\Program Files\dotnet\sdk\6.0.307\Extensions\Microsoft.VisualStudio.TestPlatform.Extensions.Trx.TestLogger.dll
TpTrace Information: 0 : 15692, 1, 2022/12/26, 13:47:35.505, 10213147618696, vstest.console.dll, AssemblyResolver.AddSearchDirectories: Adding more searchDirectories C:\Program Files\dotnet\sdk\6.0.307\Extensions,C:\Program Files\dotnet\sdk\6.0.307
TpTrace Information: 0 : 15692, 1, 2022/12/26, 13:47:35.505, 10213147619510, vstest.console.dll, AssemblyResolver.AddSearchDirectories: Adding more searchDirectories C:\Program Files\dotnet\sdk\6.0.307\Extensions,C:\Program Files\dotnet\sdk\6.0.307
TpTrace Information: 0 : 15692, 1, 2022/12/26, 13:47:35.505, 10213147620124, vstest.console.dll, AssemblyResolver.AddSearchDirectories: Adding more searchDirectories C:\Program Files\dotnet\sdk\6.0.307\Extensions,C:\Program Files\dotnet\sdk\6.0.307
TpTrace Information: 0 : 15692, 1, 2022/12/26, 13:47:35.505, 10213147621011, vstest.console.dll, AssemblyResolver.AddSearchDirectories: Adding more searchDirectories C:\Program Files\dotnet\sdk\6.0.307\Extensions,C:\Program Files\dotnet\sdk\6.0.307
TpTrace Information: 0 : 15692, 1, 2022/12/26, 13:47:35.505, 10213147621635, vstest.console.dll, AssemblyResolver.AddSearchDirectories: Adding more searchDirectories C:\Program Files\dotnet\sdk\6.0.307\Extensions,C:\Program Files\dotnet\sdk\6.0.307
TpTrace Information: 0 : 15692, 1, 2022/12/26, 13:47:35.505, 10213147622216, vstest.console.dll, AssemblyResolver.AddSearchDirectories: Adding more searchDirectories C:\Program Files\dotnet\sdk\6.0.307\Extensions,C:\Program Files\dotnet\sdk\6.0.307
TpTrace Information: 0 : 15692, 1, 2022/12/26, 13:47:35.505, 10213147623024, vstest.console.dll, AssemblyResolver.AddSearchDirectories: Adding more searchDirectories C:\Program Files\dotnet\sdk\6.0.307\Extensions,C:\Program Files\dotnet\sdk\6.0.307
TpTrace Information: 0 : 15692, 1, 2022/12/26, 13:47:35.505, 10213147623727, vstest.console.dll, AssemblyResolver.AddSearchDirectories: Adding more searchDirectories C:\Program Files\dotnet\sdk\6.0.307\Extensions,C:\Program Files\dotnet\sdk\6.0.307
TpTrace Verbose: 0 : 15692, 1, 2022/12/26, 13:47:35.506, 10213147626674, vstest.console.dll, MetadataReaderExtensionsHelper: Discovering extensions inside assembly 'DumpMinitool, Version=15.0.0.0, Culture=neutral, PublicKeyToken=b03f5f7f11d50a3a' file path 'C:\Program Files\dotnet\sdk\6.0.307\Extensions\DumpMinitool.exe'
TpTrace Verbose: 0 : 15692, 1, 2022/12/26, 13:47:35.507, 10213147638702, vstest.console.dll, MetadataReaderExtensionsHelper: Discovering extensions inside assembly 'DumpMinitool.x86, Version=15.0.0.0, Culture=neutral, PublicKeyToken=b03f5f7f11d50a3a' file path 'C:\Program Files\dotnet\sdk\6.0.307\Extensions\DumpMinitool.x86.exe'
TpTrace Verbose: 0 : 15692, 1, 2022/12/26, 13:47:35.508, 10213147647438, vstest.console.dll, MetadataReaderExtensionsHelper: Discovering extensions inside assembly 'Microsoft.Diagnostics.NETCore.Client, Version=0.2.5.801, Culture=neutral, PublicKeyToken=31bf3856ad364e35' file path 'C:\Program Files\dotnet\sdk\6.0.307\Extensions\Microsoft.Diagnostics.NETCore.Client.dll'
TpTrace Information: 0 : 15692, 1, 2022/12/26, 13:47:35.509, 10213147658341, vstest.console.dll, AssemblyResolver.OnResolve: Microsoft.Bcl.AsyncInterfaces: Resolving assembly.
TpTrace Information: 0 : 15692, 1, 2022/12/26, 13:47:35.509, 10213147659808, vstest.console.dll, AssemblyResolver.OnResolve: Microsoft.Bcl.AsyncInterfaces: Resolved from cache.
TpTrace Verbose: 0 : 15692, 1, 2022/12/26, 13:47:35.509, 10213147660561, vstest.console.dll, CurrentDomainAssemblyResolve: Resolving assembly 'Microsoft.Bcl.AsyncInterfaces'.
TpTrace Information: 0 : 15692, 1, 2022/12/26, 13:47:35.509, 10213147661662, vstest.console.dll, AssemblyResolver.OnResolve: Microsoft.Bcl.AsyncInterfaces: Resolving assembly.
TpTrace Information: 0 : 15692, 1, 2022/12/26, 13:47:35.509, 10213147662259, vstest.console.dll, AssemblyResolver.OnResolve: Microsoft.Bcl.AsyncInterfaces: Resolved from cache.
TpTrace Verbose: 0 : 15692, 1, 2022/12/26, 13:47:35.509, 10213147662988, vstest.console.dll, CurrentDomainAssemblyResolve: Resolving assembly 'Microsoft.Bcl.AsyncInterfaces'.
TpTrace Verbose: 0 : 15692, 1, 2022/12/26, 13:47:35.509, 10213147663591, vstest.console.dll, CurrentDomainAssemblyResolve: Failed to resolve assembly 'Microsoft.Bcl.AsyncInterfaces'.
TpTrace Verbose: 0 : 15692, 1, 2022/12/26, 13:47:35.510, 10213147666737, vstest.console.dll, CurrentDomainAssemblyResolve: Failed to resolve assembly 'Microsoft.Bcl.AsyncInterfaces'.
TpTrace Warning: 0 : 15692, 1, 2022/12/26, 13:47:35.510, 10213147674346, vstest.console.dll, TestPluginDiscoverer: Failed to get types from assembly 'Microsoft.Diagnostics.NETCore.Client, Version=0.2.5.801, Culture=neutral, PublicKeyToken=31bf3856ad364e35'. Error: System.Reflection.ReflectionTypeLoadException: Unable to load one or more of the requested types.
Could not load file or assembly 'Microsoft.Bcl.AsyncInterfaces, Version=1.0.0.0, Culture=neutral, PublicKeyToken=cc7b13ffcd2ddd51'. The system cannot find the file specified.
   at System.Reflection.RuntimeModule.GetTypes(RuntimeModule module)
   at System.Reflection.Assembly.GetTypes()
   at Microsoft.VisualStudio.TestPlatform.Common.ExtensionFramework.TestPluginDiscoverer.GetTestExtensionsFromAssembly[TPluginInfo,TExtension](Assembly assembly, Dictionary`2 pluginInfos, String filePath)
System.IO.FileNotFoundException: Could not load file or assembly 'Microsoft.Bcl.AsyncInterfaces, Version=1.0.0.0, Culture=neutral, PublicKeyToken=cc7b13ffcd2ddd51'. The system cannot find the file specified.
File name: 'Microsoft.Bcl.AsyncInterfaces, Version=1.0.0.0, Culture=neutral, PublicKeyToken=cc7b13ffcd2ddd51'
 ---> System.IO.FileNotFoundException: Could not load file or assembly 'Microsoft.Bcl.AsyncInterfaces, Culture=neutral, PublicKeyToken=null'. The system cannot find the file specified.
File name: 'Microsoft.Bcl.AsyncInterfaces, Culture=neutral, PublicKeyToken=null'
   at System.Reflection.RuntimeAssembly.InternalLoad(ObjectHandleOnStack assemblyName, ObjectHandleOnStack requestingAssembly, StackCrawlMarkHandle stackMark, Boolean throwOnFileNotFound, ObjectHandleOnStack assemblyLoadContext, ObjectHandleOnStack retAssembly)
   at System.Reflection.RuntimeAssembly.InternalLoad(AssemblyName assemblyName, RuntimeAssembly requestingAssembly, StackCrawlMark& stackMark, Boolean throwOnFileNotFound, AssemblyLoadContext assemblyLoadContext)
   at System.Reflection.Assembly.Load(AssemblyName assemblyRef)
   at Microsoft.VisualStudio.TestPlatform.Common.ExtensionFramework.TestPluginCache.CurrentDomainAssemblyResolve(Object sender, AssemblyResolveEventArgs args)
   at Microsoft.VisualStudio.TestPlatform.PlatformAbstractions.PlatformAssemblyResolver.AssemblyResolverEvent(Object sender, Object eventArgs)
   at System.Runtime.Loader.AssemblyLoadContext.GetFirstResolvedAssemblyFromResolvingEvent(AssemblyName assemblyName)
   at System.Runtime.Loader.AssemblyLoadContext.ResolveUsingEvent(AssemblyName assemblyName)
   at System.Runtime.Loader.AssemblyLoadContext.ResolveUsingResolvingEvent(IntPtr gchManagedAssemblyLoadContext, AssemblyName assemblyName)
TpTrace Warning: 0 : 15692, 1, 2022/12/26, 13:47:35.511, 10213147678251, vstest.console.dll, LoaderExceptions: System.IO.FileNotFoundException: Could not load file or assembly 'Microsoft.Bcl.AsyncInterfaces, Version=1.0.0.0, Culture=neutral, PublicKeyToken=cc7b13ffcd2ddd51'. The system cannot find the file specified.
File name: 'Microsoft.Bcl.AsyncInterfaces, Version=1.0.0.0, Culture=neutral, PublicKeyToken=cc7b13ffcd2ddd51'
 ---> System.IO.FileNotFoundException: Could not load file or assembly 'Microsoft.Bcl.AsyncInterfaces, Culture=neutral, PublicKeyToken=null'. The system cannot find the file specified.
File name: 'Microsoft.Bcl.AsyncInterfaces, Culture=neutral, PublicKeyToken=null'
   at System.Reflection.RuntimeAssembly.InternalLoad(ObjectHandleOnStack assemblyName, ObjectHandleOnStack requestingAssembly, StackCrawlMarkHandle stackMark, Boolean throwOnFileNotFound, ObjectHandleOnStack assemblyLoadContext, ObjectHandleOnStack retAssembly)
   at System.Reflection.RuntimeAssembly.InternalLoad(AssemblyName assemblyName, RuntimeAssembly requestingAssembly, StackCrawlMark& stackMark, Boolean throwOnFileNotFound, AssemblyLoadContext assemblyLoadContext)
   at System.Reflection.Assembly.Load(AssemblyName assemblyRef)
   at Microsoft.VisualStudio.TestPlatform.Common.ExtensionFramework.TestPluginCache.CurrentDomainAssemblyResolve(Object sender, AssemblyResolveEventArgs args)
   at Microsoft.VisualStudio.TestPlatform.PlatformAbstractions.PlatformAssemblyResolver.AssemblyResolverEvent(Object sender, Object eventArgs)
   at System.Runtime.Loader.AssemblyLoadContext.GetFirstResolvedAssemblyFromResolvingEvent(AssemblyName assemblyName)
   at System.Runtime.Loader.AssemblyLoadContext.ResolveUsingEvent(AssemblyName assemblyName)
   at System.Runtime.Loader.AssemblyLoadContext.ResolveUsingResolvingEvent(IntPtr gchManagedAssemblyLoadContext, AssemblyName assemblyName)
TpTrace Verbose: 0 : 15692, 1, 2022/12/26, 13:47:35.511, 10213147680025, vstest.console.dll, MetadataReaderExtensionsHelper: Discovering extensions inside assembly 'Microsoft.TestPlatform.Extensions.BlameDataCollector, Version=15.0.0.0, Culture=neutral, PublicKeyToken=b03f5f7f11d50a3a' file path 'C:\Program Files\dotnet\sdk\6.0.307\Extensions\Microsoft.TestPlatform.Extensions.BlameDataCollector.dll'
TpTrace Information: 0 : 15692, 1, 2022/12/26, 13:47:35.512, 10213147690763, vstest.console.dll, GetTestExtensionFromType: Register extension with identifier data 'logger://Microsoft/TestPlatform/Extensions/Blame/v1' and type 'Microsoft.TestPlatform.Extensions.BlameDataCollector.BlameLogger, Microsoft.TestPlatform.Extensions.BlameDataCollector, Version=15.0.0.0, Culture=neutral, PublicKeyToken=b03f5f7f11d50a3a' inside file 'C:\Program Files\dotnet\sdk\6.0.307\Extensions\Microsoft.TestPlatform.Extensions.BlameDataCollector.dll'
TpTrace Verbose: 0 : 15692, 1, 2022/12/26, 13:47:35.512, 10213147692025, vstest.console.dll, MetadataReaderExtensionsHelper: Discovering extensions inside assembly 'Microsoft.TestPlatform.Extensions.EventLogCollector, Version=15.0.0.0, Culture=neutral, PublicKeyToken=b03f5f7f11d50a3a' file path 'C:\Program Files\dotnet\sdk\6.0.307\Extensions\Microsoft.TestPlatform.Extensions.EventLogCollector.dll'
TpTrace Verbose: 0 : 15692, 1, 2022/12/26, 13:47:35.513, 10213147699723, vstest.console.dll, MetadataReaderExtensionsHelper: Discovering extensions inside assembly 'Microsoft.TestPlatform.TestHostRuntimeProvider, Version=15.0.0.0, Culture=neutral, PublicKeyToken=b03f5f7f11d50a3a' file path 'C:\Program Files\dotnet\sdk\6.0.307\Extensions\Microsoft.TestPlatform.TestHostRuntimeProvider.dll'
TpTrace Verbose: 0 : 15692, 1, 2022/12/26, 13:47:35.514, 10213147707994, vstest.console.dll, MetadataReaderExtensionsHelper: Discovering extensions inside assembly 'Microsoft.VisualStudio.TestPlatform.Extensions.Html.TestLogger, Version=15.0.0.0, Culture=neutral, PublicKeyToken=b03f5f7f11d50a3a' file path 'C:\Program Files\dotnet\sdk\6.0.307\Extensions\Microsoft.VisualStudio.TestPlatform.Extensions.Html.TestLogger.dll'
TpTrace Information: 0 : 15692, 1, 2022/12/26, 13:47:35.514, 10213147715110, vstest.console.dll, GetTestExtensionFromType: Register extension with identifier data 'logger://Microsoft/TestPlatform/HtmlLogger/v1' and type 'Microsoft.VisualStudio.TestPlatform.Extensions.HtmlLogger.HtmlLogger, Microsoft.VisualStudio.TestPlatform.Extensions.Html.TestLogger, Version=15.0.0.0, Culture=neutral, PublicKeyToken=b03f5f7f11d50a3a' inside file 'C:\Program Files\dotnet\sdk\6.0.307\Extensions\Microsoft.VisualStudio.TestPlatform.Extensions.Html.TestLogger.dll'
TpTrace Verbose: 0 : 15692, 1, 2022/12/26, 13:47:35.515, 10213147716429, vstest.console.dll, MetadataReaderExtensionsHelper: Discovering extensions inside assembly 'Microsoft.VisualStudio.TestPlatform.Extensions.Trx.TestLogger, Version=15.0.0.0, Culture=neutral, PublicKeyToken=b03f5f7f11d50a3a' file path 'C:\Program Files\dotnet\sdk\6.0.307\Extensions\Microsoft.VisualStudio.TestPlatform.Extensions.Trx.TestLogger.dll'
TpTrace Information: 0 : 15692, 1, 2022/12/26, 13:47:35.515, 10213147723312, vstest.console.dll, GetTestExtensionFromType: Register extension with identifier data 'logger://Microsoft/TestPlatform/TrxLogger/v1' and type 'Microsoft.VisualStudio.TestPlatform.Extensions.TrxLogger.TrxLogger, Microsoft.VisualStudio.TestPlatform.Extensions.Trx.TestLogger, Version=15.0.0.0, Culture=neutral, PublicKeyToken=b03f5f7f11d50a3a' inside file 'C:\Program Files\dotnet\sdk\6.0.307\Extensions\Microsoft.VisualStudio.TestPlatform.Extensions.Trx.TestLogger.dll'
TpTrace Verbose: 0 : 15692, 1, 2022/12/26, 13:47:35.515, 10213147724580, vstest.console.dll, TestPluginCache: Discovered the extensions using extension path ''.
TpTrace Verbose: 0 : 15692, 1, 2022/12/26, 13:47:35.515, 10213147725057, vstest.console.dll, TestPluginCache: Discoverers are ''.
TpTrace Verbose: 0 : 15692, 1, 2022/12/26, 13:47:35.515, 10213147725412, vstest.console.dll, TestPluginCache: Executors are ''.
TpTrace Verbose: 0 : 15692, 1, 2022/12/26, 13:47:35.515, 10213147725743, vstest.console.dll, TestPluginCache: Executors2 are ''.
TpTrace Verbose: 0 : 15692, 1, 2022/12/26, 13:47:35.515, 10213147726072, vstest.console.dll, TestPluginCache: Setting providers are ''.
TpTrace Verbose: 0 : 15692, 1, 2022/12/26, 13:47:35.516, 10213147727186, vstest.console.dll, TestPluginCache: Loggers are 'logger://Microsoft/TestPlatform/Extensions/Blame/v1,logger://Microsoft/TestPlatform/HtmlLogger/v1,logger://Microsoft/TestPlatform/TrxLogger/v1'.
TpTrace Verbose: 0 : 15692, 1, 2022/12/26, 13:47:35.516, 10213147727858, vstest.console.dll, TestPluginCache: TestHosts are 'HostProvider://DefaultTestHost,HostProvider://DotnetTestHost'.
TpTrace Verbose: 0 : 15692, 1, 2022/12/26, 13:47:35.516, 10213147728253, vstest.console.dll, TestPluginCache: DataCollectors are ''.
TpTrace Information: 0 : 15692, 1, 2022/12/26, 13:47:35.517, 10213147738723, vstest.console.dll, TestPluginManager.CreateTestExtension: Attempting to load test extension: Microsoft.TestPlatform.Extensions.BlameDataCollector.BlameLogger
TpTrace Information: 0 : 15692, 1, 2022/12/26, 13:47:35.526, 10213147827065, vstest.console.dll, TestPluginManager.CreateTestExtension: Attempting to load test extension: Microsoft.VisualStudio.TestPlatform.CrossPlatEngine.Hosting.DefaultTestHostManager
TpTrace Information: 0 : 15692, 1, 2022/12/26, 13:47:35.527, 10213147838315, vstest.console.dll, TestPluginManager.CreateTestExtension: Attempting to load test extension: Microsoft.VisualStudio.TestPlatform.CrossPlatEngine.Hosting.DotnetTestHostManager
TpTrace Verbose: 0 : 15692, 1, 2022/12/26, 13:47:35.528, 10213147848436, vstest.console.dll, TestEngine: Initializing Parallel Execution as MaxCpuCount is set to: 1
TpTrace Information: 0 : 15692, 1, 2022/12/26, 13:47:35.529, 10213147857073, vstest.console.dll, InferRunSettingsHelper.IsTestSettingsEnabled: Unable to navigate to RunSettings/MSTest. Current node: RunSettings
TpTrace Verbose: 0 : 15692, 1, 2022/12/26, 13:47:35.531, 10213147879373, vstest.console.dll, TestRequestSender is acting as server.
TpTrace Verbose: 0 : 15692, 1, 2022/12/26, 13:47:35.532, 10213147895680, vstest.console.dll, TestEngine.GetExecutionManager: Chosen execution manager 'Microsoft.VisualStudio.TestPlatform.CrossPlatEngine.Client.Parallel.ParallelProxyExecutionManager, Microsoft.TestPlatform.CrossPlatEngine, Version=15.0.0.0, Culture=neutral, PublicKeyToken=b03f5f7f11d50a3a' ParallelLevel '1' Shared host 'False'
TpTrace Verbose: 0 : 15692, 5, 2022/12/26, 13:47:35.537, 10213147937425, vstest.console.dll, DataCollectionRequestSender.InitializeCommunication : Initialize communication. 
TpTrace Information: 0 : 15692, 5, 2022/12/26, 13:47:35.545, 10213148017909, vstest.console.dll, Listening on Endpoint : 127.0.0.1:63929
TpTrace Verbose: 0 : 15692, 5, 2022/12/26, 13:47:35.555, 10213148121476, vstest.console.dll, DotnetDataCollectionLauncher: Full path of dotnet.exe is C:\Program Files\dotnet\dotnet.exe
TpTrace Verbose: 0 : 15692, 5, 2022/12/26, 13:47:35.555, 10213148124625, vstest.console.dll, DotnetDataCollectionLauncher: Adding  --runtimeconfig "C:\Program Files\dotnet\sdk\6.0.307\datacollector.runtimeconfig.json" in args
TpTrace Verbose: 0 : 15692, 5, 2022/12/26, 13:47:35.555, 10213148125953, vstest.console.dll, DotnetDataCollectionLauncher: Adding  --depsfile "C:\Program Files\dotnet\sdk\6.0.307\datacollector.deps.json" in args
TpTrace Information: 0 : 15692, 5, 2022/12/26, 13:47:35.571, 10213148280941, vstest.console.dll, ProxyDataCollectionManager.Initialize: Launched datacollector processId: 37876 port: 63929
TpTrace Information: 0 : 15692, 5, 2022/12/26, 13:47:35.571, 10213148283615, vstest.console.dll, ProxyDataCollectionManager.Initialize: waiting for connection with timeout: 90 seconds
TpTrace Verbose: 0 : 15692, 5, 2022/12/26, 13:47:35.571, 10213148284755, vstest.console.dll, DataCollectionRequestSender.WaitForRequestHandlerConnection : Waiting for connection with timeout: 90000
TpTrace Information: 0 : 15692, 8, 2022/12/26, 13:47:35.788, 10213150455445, vstest.console.dll, Using the buffer size of 16384 bytes
TpTrace Information: 0 : 15692, 8, 2022/12/26, 13:47:35.789, 10213150457344, vstest.console.dll, Accepted Client request and set the flag
TpTrace Verbose: 0 : 15692, 5, 2022/12/26, 13:47:35.788, 10213150455840, vstest.console.dll, SocketCommunicationManager.WaitForClientConnection took: 216 ms, with 90000 ms timeout, and finished with True.
TpTrace Verbose: 0 : 15692, 5, 2022/12/26, 13:47:35.789, 10213150459453, vstest.console.dll, ProxyDataCollectionManager.InvokeDataCollectionServiceAction: Starting.
TpTrace Information: 0 : 15692, 5, 2022/12/26, 13:47:35.789, 10213150460912, vstest.console.dll, ProxyDataCollectionManager.BeforeTestRunStart: Get environment variable and port for datacollector processId: 37876 port: 63929
TpTrace Verbose: 0 : 15692, 5, 2022/12/26, 13:47:35.789, 10213150463336, vstest.console.dll, DataCollectionRequestSender.SendBeforeTestRunStartAndGetResult: Send BeforeTestRunStart message with settingsXml <RunSettings><RunConfiguration><ResultsDirectory>D:\.net2020_var6\Lab3-6_Poliukhovych_Ivanna_var6\Labs_Poliukhovych_Ivanna\Tests\bin\Debug\net6.0\fine-code-coverage\coverage-tool-output</ResultsDirectory><TargetPlatform>X64</TargetPlatform><TargetFrameworkVersion>.NETCoreApp,Version=v6.0</TargetFrameworkVersion><DesignMode>False</DesignMode><CollectSourceInformation>False</CollectSourceInformation><TestAdaptersPaths>C:\Program Files\dotnet\sdk\6.0.307\Extensions</TestAdaptersPaths></RunConfiguration><LoggerRunSettings><Loggers><Logger friendlyName="blame" enabled="True" /><Logger friendlyName="Console" uri="logger://microsoft/TestPlatform/ConsoleLogger/v1" assemblyQualifiedName="Microsoft.VisualStudio.TestPlatform.CommandLine.Internal.ConsoleLogger, vstest.console, Version=15.0.0.0, Culture=neutral, PublicKeyToken=b03f5f7f11d50a3a" codeBase="C:\Program Files\dotnet\sdk\6.0.307\vstest.console.dll" enabled="True" /></Loggers></LoggerRunSettings><DataCollectionRunSettings><DataCollectors><DataCollector friendlyName="blame" enabled="True"><Configuration><ResultsDirectory>D:\.net2020_var6\Lab3-6_Poliukhovych_Ivanna_var6\Labs_Poliukhovych_Ivanna\Tests\bin\Debug\net6.0\fine-code-coverage\coverage-tool-output</ResultsDirectory></Configuration></DataCollector></DataCollectors></DataCollectionRunSettings></RunSettings> and sources System.Linq.Enumerable+Concat2Iterator`1[System.String]: 
TpTrace Verbose: 0 : 15692, 5, 2022/12/26, 13:47:36.002, 10213152589488, vstest.console.dll, DataCollectionRequestSender.SendBeforeTestRunStartAndGetResult: Received message: (DataCollection.SendMessage) -> {
  "FriendlyName": null,
  "Uri": null,
  "TestCaseId": "00000000-0000-0000-0000-000000000000",
  "Message": "Logging DataCollector Diagnostics in file: D:\\.net2020_var6\\Lab3-6_Poliukhovych_Ivanna_var6\\Labs_Poliukhovych_Ivanna\\Tests\\bin\\Debug\\net6.0\\fine-code-coverage\\coverage-tool-output\\diagnostics.datacollector.22-12-26_13-47-35_55518_5.log",
  "Level": 0
}
TpTrace Verbose: 0 : 15692, 5, 2022/12/26, 13:47:36.146, 10213154027149, vstest.console.dll, DataCollectionRequestSender.SendBeforeTestRunStartAndGetResult: Received message: (DataCollection.BeforeTestRunStartResult) -> {
  "EnvironmentVariables": {},
  "DataCollectionEventsPort": 63931
}
TpTrace Information: 0 : 15692, 5, 2022/12/26, 13:47:36.156, 10213154127420, vstest.console.dll, ProxyDataCollectionManager.BeforeTestRunStart: SendBeforeTestRunStartAndGetResult successful, env variable from datacollector:   and testhost port: 63931
TpTrace Information: 0 : 15692, 5, 2022/12/26, 13:47:36.156, 10213154129062, vstest.console.dll, ProxyDataCollectionManager.InvokeDataCollectionServiceAction: Completed.
TpTrace Verbose: 0 : 15692, 1, 2022/12/26, 13:47:36.156, 10213154131168, vstest.console.dll, TestRunRequest.ExecuteAsync: Creating test run request.
TpTrace Verbose: 0 : 15692, 1, 2022/12/26, 13:47:36.157, 10213154136276, vstest.console.dll, TestRunRequest.ExecuteAsync: Starting.
TpTrace Information: 0 : 15692, 1, 2022/12/26, 13:47:36.157, 10213154142676, vstest.console.dll, TestRunRequest.ExecuteAsync: Starting run with settings:TestRunCriteria:
   KeepAlive=False,FrequencyOfRunStatsChangeEvent=10,RunStatsChangeEventTimeout=00:00:01.5000000,TestCaseFilter=,TestExecutorLauncher=
   Settingsxml=<RunSettings>
  <RunConfiguration>
    <ResultsDirectory>D:\.net2020_var6\Lab3-6_Poliukhovych_Ivanna_var6\Labs_Poliukhovych_Ivanna\Tests\bin\Debug\net6.0\fine-code-coverage\coverage-tool-output</ResultsDirectory>
    <TargetPlatform>X64</TargetPlatform>
    <TargetFrameworkVersion>.NETCoreApp,Version=v6.0</TargetFrameworkVersion>
    <DesignMode>False</DesignMode>
    <CollectSourceInformation>False</CollectSourceInformation>
  </RunConfiguration>
  <LoggerRunSettings>
    <Loggers>
      <Logger friendlyName="blame" enabled="True" />
      <Logger friendlyName="Console" uri="logger://microsoft/TestPlatform/ConsoleLogger/v1" assemblyQualifiedName="Microsoft.VisualStudio.TestPlatform.CommandLine.Internal.ConsoleLogger, vstest.console, Version=15.0.0.0, Culture=neutral, PublicKeyToken=b03f5f7f11d50a3a" codeBase="C:\Program Files\dotnet\sdk\6.0.307\vstest.console.dll" enabled="True" />
    </Loggers>
  </LoggerRunSettings>
  <DataCollectionRunSettings>
    <DataCollectors>
      <DataCollector friendlyName="blame" enabled="True">
        <Configuration>
          <ResultsDirectory>D:\.net2020_var6\Lab3-6_Poliukhovych_Ivanna_var6\Labs_Poliukhovych_Ivanna\Tests\bin\Debug\net6.0\fine-code-coverage\coverage-tool-output</ResultsDirectory>
        </Configuration>
      </DataCollector>
    </DataCollectors>
  </DataCollectionRunSettings>
</RunSettings>

TpTrace Verbose: 0 : 15692, 1, 2022/12/26, 13:47:36.157, 10213154143659, vstest.console.dll, TestRunRequest.ExecuteAsync: Wait for the first run request is over.
TpTrace Verbose: 0 : 15692, 1, 2022/12/26, 13:47:36.158, 10213154148743, vstest.console.dll, MulticastDelegateUtilities.SafeInvoke: TestRun.TestRunStart: Invoking callbacks was skipped because there are no subscribers.
TpTrace Verbose: 0 : 15692, 1, 2022/12/26, 13:47:36.158, 10213154152781, vstest.console.dll, ParallelProxyExecutionManager: Start execution. Total sources: 1
TpTrace Verbose: 0 : 15692, 4, 2022/12/26, 13:47:36.158, 10213154153241, vstest.console.dll, MulticastDelegateUtilities.SafeInvoke: InternalTestLoggerEvents.SendTestRunStart: Invoking callback 1/1 for Microsoft.VisualStudio.TestPlatform.CommandLine.Internal.ConsoleLogger.TestRunStartHandler, took 0 ms.
TpTrace Information: 0 : 15692, 1, 2022/12/26, 13:47:36.159, 10213154163805, vstest.console.dll, ProxyParallelExecutionManager: Triggering test run for next source: D:\.net2020_var6\Lab3-6_Poliukhovych_Ivanna_var6\Labs_Poliukhovych_Ivanna\Tests\bin\Debug\net6.0\fine-code-coverage\build-output\Tests.dll
TpTrace Verbose: 0 : 15692, 5, 2022/12/26, 13:47:36.160, 10213154166264, vstest.console.dll, ParallelProxyExecutionManager: Execution started. Started clients: 1
TpTrace Verbose: 0 : 15692, 1, 2022/12/26, 13:47:36.160, 10213154167340, vstest.console.dll, ProxyParallelExecutionManager: No sources available for execution.
TpTrace Information: 0 : 15692, 1, 2022/12/26, 13:47:36.160, 10213154168305, vstest.console.dll, TestRunRequest.ExecuteAsync: Started.
TpTrace Verbose: 0 : 15692, 1, 2022/12/26, 13:47:36.160, 10213154169707, vstest.console.dll, TestRunRequest.WaitForCompletion: Waiting with timeout -1.
TpTrace Verbose: 0 : 15692, 5, 2022/12/26, 13:47:36.160, 10213154171621, vstest.console.dll, TestRunRequest:SendTestRunMessage: Starting.
TpTrace Verbose: 0 : 15692, 5, 2022/12/26, 13:47:36.160, 10213154173800, vstest.console.dll, MulticastDelegateUtilities.SafeInvoke: TestRun.LogMessages: Invoking callback 1/1 for Microsoft.VisualStudio.TestPlatform.CommandLine.TestRunResultAggregator.TestRunMessageHandler, took 0 ms.
TpTrace Verbose: 0 : 15692, 4, 2022/12/26, 13:47:36.160, 10213154174024, vstest.console.dll, MulticastDelegateUtilities.SafeInvoke: InternalTestLoggerEvents.SendTestRunMessage: Invoking callback 1/1 for Microsoft.VisualStudio.TestPlatform.CommandLine.Internal.ConsoleLogger.TestMessageHandler, took 0 ms.
TpTrace Information: 0 : 15692, 5, 2022/12/26, 13:47:36.160, 10213154175360, vstest.console.dll, TestRunRequest:SendTestRunMessage: Completed.
TpTrace Verbose: 0 : 15692, 5, 2022/12/26, 13:47:36.161, 10213154178860, vstest.console.dll, ProxyExecutionManager: Test host is always Lazy initialize.
TpTrace Verbose: 0 : 15692, 5, 2022/12/26, 13:47:36.161, 10213154182250, vstest.console.dll, TestRequestSender.InitializeCommunication: initialize communication. 
TpTrace Information: 0 : 15692, 5, 2022/12/26, 13:47:36.162, 10213154189575, vstest.console.dll, SocketServer.Start: Listening on endpoint : 127.0.0.1:63932
TpTrace Verbose: 0 : 15692, 5, 2022/12/26, 13:47:36.163, 10213154198657, vstest.console.dll, DotnetTestHostmanager.GetTestHostProcessStartInfo: Platform environment 'X64' target architecture 'X64' framework '.NETCoreApp,Version=v6.0' OS 'Windows'
TpTrace Verbose: 0 : 15692, 5, 2022/12/26, 13:47:36.163, 10213154201052, vstest.console.dll, DotnetTestHostmanager: Adding  --runtimeconfig "D:\.net2020_var6\Lab3-6_Poliukhovych_Ivanna_var6\Labs_Poliukhovych_Ivanna\Tests\bin\Debug\net6.0\fine-code-coverage\build-output\Tests.runtimeconfig.json" in args
TpTrace Verbose: 0 : 15692, 5, 2022/12/26, 13:47:36.163, 10213154201992, vstest.console.dll, DotnetTestHostmanager: Adding  --depsfile "D:\.net2020_var6\Lab3-6_Poliukhovych_Ivanna_var6\Labs_Poliukhovych_Ivanna\Tests\bin\Debug\net6.0\fine-code-coverage\build-output\Tests.deps.json" in args
TpTrace Verbose: 0 : 15692, 5, 2022/12/26, 13:47:36.163, 10213154204544, vstest.console.dll, DotnetTestHostmanager.IsWinOnArm: Current PROCESSOR_ARCHITECTURE from environment variable 'AMD64'
TpTrace Verbose: 0 : 15692, 5, 2022/12/26, 13:47:36.163, 10213154205471, vstest.console.dll, DotnetTestHostmanager.IsWinOnArm: Is Windows on ARM 'False'
TpTrace Verbose: 0 : 15692, 5, 2022/12/26, 13:47:36.164, 10213154206354, vstest.console.dll, DotnetTestHostManager: testhost.exe found at path: D:\.net2020_var6\Lab3-6_Poliukhovych_Ivanna_var6\Labs_Poliukhovych_Ivanna\Tests\bin\Debug\net6.0\fine-code-coverage\build-output\testhost.exe
TpTrace Verbose: 0 : 15692, 5, 2022/12/26, 13:47:36.164, 10213154207226, vstest.console.dll, DotnetTestHostmanager: Full path of host exe is D:\.net2020_var6\Lab3-6_Poliukhovych_Ivanna_var6\Labs_Poliukhovych_Ivanna\Tests\bin\Debug\net6.0\fine-code-coverage\build-output\testhost.exe
TpTrace Verbose: 0 : 15692, 5, 2022/12/26, 13:47:36.164, 10213154209262, vstest.console.dll, DotnetTestHostmanager.LaunchTestHostAsync: Found 'VSTEST_WINAPPHOST_DOTNET_ROOT' in env variables, value 'C:\Program Files\dotnet', forwarding to 'DOTNET_ROOT'
TpTrace Verbose: 0 : 15692, 7, 2022/12/26, 13:47:36.165, 10213154224792, vstest.console.dll, DotnetTestHostManager: Starting process 'D:\.net2020_var6\Lab3-6_Poliukhovych_Ivanna_var6\Labs_Poliukhovych_Ivanna\Tests\bin\Debug\net6.0\fine-code-coverage\build-output\testhost.exe' with command line ' --runtimeconfig "D:\.net2020_var6\Lab3-6_Poliukhovych_Ivanna_var6\Labs_Poliukhovych_Ivanna\Tests\bin\Debug\net6.0\fine-code-coverage\build-output\Tests.runtimeconfig.json" --depsfile "D:\.net2020_var6\Lab3-6_Poliukhovych_Ivanna_var6\Labs_Poliukhovych_Ivanna\Tests\bin\Debug\net6.0\fine-code-coverage\build-output\Tests.deps.json" --port 63932 --endpoint 127.0.0.1:063932 --role client --parentprocessid 15692 --diag "D:\.net2020_var6\Lab3-6_Poliukhovych_Ivanna_var6\Labs_Poliukhovych_Ivanna\Tests\bin\Debug\net6.0\fine-code-coverage\coverage-tool-output\diagnostics.host.22-12-26_13-47-36_16280_5.log" --tracelevel 4 --datacollectionport 63931 --telemetryoptedin false'
TpTrace Verbose: 0 : 15692, 7, 2022/12/26, 13:47:36.180, 10213154368347, vstest.console.dll, MulticastDelegateUtilities.SafeInvoke: HostProviderEvents.OnHostLaunched: Invoking callback 1/2 for Microsoft.VisualStudio.TestPlatform.CrossPlatEngine.Client.ProxyExecutionManagerWithDataCollection.TestHostLaunchedHandler, took 1 ms.
TpTrace Verbose: 0 : 15692, 7, 2022/12/26, 13:47:36.180, 10213154370285, vstest.console.dll, Test Runtime launched
TpTrace Verbose: 0 : 15692, 7, 2022/12/26, 13:47:36.180, 10213154371482, vstest.console.dll, MulticastDelegateUtilities.SafeInvoke: HostProviderEvents.OnHostLaunched: Invoking callback 2/2 for Microsoft.VisualStudio.TestPlatform.CrossPlatEngine.Client.ProxyOperationManager.TestHostManagerHostLaunched, took 0 ms.
TpTrace Verbose: 0 : 15692, 5, 2022/12/26, 13:47:36.181, 10213154383537, vstest.console.dll, TestRequestSender.WaitForRequestHandlerConnection: waiting for connection with timeout: 90000.
TpTrace Verbose: 0 : 15692, 5, 2022/12/26, 13:47:36.472, 10213157288138, vstest.console.dll, TestRequestSender.WaitForRequestHandlerConnection: waiting took 290 ms, with timeout 90000 ms, and result 0, which is success.
TpTrace Verbose: 0 : 15692, 13, 2022/12/26, 13:47:36.472, 10213157288500, vstest.console.dll, MulticastDelegateUtilities.SafeInvoke: SocketServer: ClientConnected: Invoking callback 1/1 for Microsoft.VisualStudio.TestPlatform.CommunicationUtilities.TestRequestSender.<InitializeCommunication>b__23_0, took 0 ms.
TpTrace Verbose: 0 : 15692, 13, 2022/12/26, 13:47:36.472, 10213157290886, vstest.console.dll, SocketServer.OnClientConnected: Client connected for endPoint: 127.0.0.1:63932, starting MessageLoopAsync:
TpTrace Verbose: 0 : 15692, 13, 2022/12/26, 13:47:36.474, 10213157314408, vstest.console.dll, TcpClientExtensions.MessageLoopAsync: Polling on remoteEndPoint: 127.0.0.1:63933 localEndPoint: 127.0.0.1:63932
TpTrace Verbose: 0 : 15692, 5, 2022/12/26, 13:47:36.474, 10213157315484, vstest.console.dll, TestRequestSender.CheckVersionWithTestHost: Sending check version message: {"MessageType":"ProtocolVersion","Payload":6}
TpTrace Verbose: 0 : 15692, 13, 2022/12/26, 13:47:36.724, 10213159811206, vstest.console.dll, TcpClientExtensions.MessageLoopAsync: NotifyDataAvailable remoteEndPoint: 127.0.0.1:63933 localEndPoint: 127.0.0.1:63932
TpTrace Verbose: 0 : 15692, 13, 2022/12/26, 13:47:36.725, 10213159817800, vstest.console.dll, TestRequestSender.CheckVersionWithTestHost: onMessageReceived received message: (ProtocolVersion) -> 5
TpTrace Verbose: 0 : 15692, 13, 2022/12/26, 13:47:36.726, 10213159827021, vstest.console.dll, MulticastDelegateUtilities.SafeInvoke: LengthPrefixCommunicationChannel: MessageReceived: Invoking callback 1/1 for Microsoft.VisualStudio.TestPlatform.CommunicationUtilities.TestRequestSender+<>c__DisplayClass25_0.<CheckVersionWithTestHost>b__0, took 1 ms.
TpTrace Verbose: 0 : 15692, 5, 2022/12/26, 13:47:36.726, 10213159828295, vstest.console.dll, TestPluginCache.GetExtensionPaths: Filtered extension paths: 
TpTrace Verbose: 0 : 15692, 13, 2022/12/26, 13:47:36.726, 10213159828729, vstest.console.dll, TcpClientExtensions.MessageLoopAsync: Polling on remoteEndPoint: 127.0.0.1:63933 localEndPoint: 127.0.0.1:63932
TpTrace Verbose: 0 : 15692, 5, 2022/12/26, 13:47:36.726, 10213159829676, vstest.console.dll, TestPluginCache.GetExtensionPaths: Added default extension paths: C:\Program Files\dotnet\sdk\6.0.307\Extensions\DumpMinitool.exe
C:\Program Files\dotnet\sdk\6.0.307\Extensions\DumpMinitool.x86.exe
C:\Program Files\dotnet\sdk\6.0.307\Extensions\Microsoft.Diagnostics.NETCore.Client.dll
C:\Program Files\dotnet\sdk\6.0.307\Extensions\Microsoft.TestPlatform.Extensions.BlameDataCollector.dll
C:\Program Files\dotnet\sdk\6.0.307\Extensions\Microsoft.TestPlatform.Extensions.EventLogCollector.dll
C:\Program Files\dotnet\sdk\6.0.307\Extensions\Microsoft.TestPlatform.TestHostRuntimeProvider.dll
C:\Program Files\dotnet\sdk\6.0.307\Extensions\Microsoft.VisualStudio.TestPlatform.Extensions.Html.TestLogger.dll
C:\Program Files\dotnet\sdk\6.0.307\Extensions\Microsoft.VisualStudio.TestPlatform.Extensions.Trx.TestLogger.dll
TpTrace Verbose: 0 : 15692, 5, 2022/12/26, 13:47:36.726, 10213159830441, vstest.console.dll, TestPluginCache.GetExtensionPaths: Added unfilterableExtensionPaths: 
TpTrace Verbose: 0 : 15692, 5, 2022/12/26, 13:47:36.732, 10213159890988, vstest.console.dll, TestRequestSender.InitializeExecution: Sending initialize execution with message: {"Version":5,"MessageType":"TestExecution.Initialize","Payload":["D:\\.net2020_var6\\Lab3-6_Poliukhovych_Ivanna_var6\\Labs_Poliukhovych_Ivanna\\Tests\\bin\\Debug\\net6.0\\fine-code-coverage\\build-output\\NUnit3.TestAdapter.dll"]}
TpTrace Warning: 0 : 15692, 5, 2022/12/26, 13:47:36.733, 10213159896469, vstest.console.dll, InferRunSettingsHelper.MakeRunsettingsCompatible: Removing the following settings: TargetPlatform from RunSettings file. To use those settings please move to latest version of Microsoft.NET.Test.Sdk
TpTrace Verbose: 0 : 15692, 13, 2022/12/26, 13:47:36.741, 10213159982850, vstest.console.dll, TcpClientExtensions.MessageLoopAsync: NotifyDataAvailable remoteEndPoint: 127.0.0.1:63933 localEndPoint: 127.0.0.1:63932
TpTrace Verbose: 0 : 15692, 13, 2022/12/26, 13:47:36.741, 10213159984818, vstest.console.dll, TestRequestSender.OnExecutionMessageReceived: Received message: {"Version":5,"MessageType":"TestSession.Message","Payload":{"MessageLevel":0,"Message":"Logging TestHost Diagnostics in file: D:\\.net2020_var6\\Lab3-6_Poliukhovych_Ivanna_var6\\Labs_Poliukhovych_Ivanna\\Tests\\bin\\Debug\\net6.0\\fine-code-coverage\\coverage-tool-output\\diagnostics.host.22-12-26_13-47-36_16280_5.log"}}
TpTrace Verbose: 0 : 15692, 13, 2022/12/26, 13:47:36.745, 10213160023907, vstest.console.dll, TestRunRequest:SendTestRunMessage: Starting.
TpTrace Verbose: 0 : 15692, 13, 2022/12/26, 13:47:36.745, 10213160025726, vstest.console.dll, MulticastDelegateUtilities.SafeInvoke: TestRun.LogMessages: Invoking callback 1/1 for Microsoft.VisualStudio.TestPlatform.CommandLine.TestRunResultAggregator.TestRunMessageHandler, took 0 ms.
TpTrace Verbose: 0 : 15692, 4, 2022/12/26, 13:47:36.745, 10213160025884, vstest.console.dll, MulticastDelegateUtilities.SafeInvoke: InternalTestLoggerEvents.SendTestRunMessage: Invoking callback 1/1 for Microsoft.VisualStudio.TestPlatform.CommandLine.Internal.ConsoleLogger.TestMessageHandler, took 0 ms.
TpTrace Information: 0 : 15692, 13, 2022/12/26, 13:47:36.746, 10213160026406, vstest.console.dll, TestRunRequest:SendTestRunMessage: Completed.
TpTrace Verbose: 0 : 15692, 13, 2022/12/26, 13:47:36.746, 10213160028278, vstest.console.dll, MulticastDelegateUtilities.SafeInvoke: LengthPrefixCommunicationChannel: MessageReceived: Invoking callback 1/1 for Microsoft.VisualStudio.TestPlatform.CommunicationUtilities.TestRequestSender+<>c__DisplayClass30_0.<StartTestRun>b__1, took 4 ms.
TpTrace Verbose: 0 : 15692, 13, 2022/12/26, 13:47:36.746, 10213160028975, vstest.console.dll, TcpClientExtensions.MessageLoopAsync: Polling on remoteEndPoint: 127.0.0.1:63933 localEndPoint: 127.0.0.1:63932
TpTrace Verbose: 0 : 15692, 5, 2022/12/26, 13:47:36.748, 10213160050200, vstest.console.dll, TestRequestSender.StartTestRun: Sending test run with message: {"Version":5,"MessageType":"TestExecution.StartWithSources","Payload":{"AdapterSourceMap":{"_none_":["D:\\.net2020_var6\\Lab3-6_Poliukhovych_Ivanna_var6\\Labs_Poliukhovych_Ivanna\\Tests\\bin\\Debug\\net6.0\\fine-code-coverage\\build-output\\Tests.dll"]},"RunSettings":"<RunSettings>\r\n  <RunConfiguration>\r\n    <ResultsDirectory>D:\\.net2020_var6\\Lab3-6_Poliukhovych_Ivanna_var6\\Labs_Poliukhovych_Ivanna\\Tests\\bin\\Debug\\net6.0\\fine-code-coverage\\coverage-tool-output</ResultsDirectory>\r\n    <TargetFrameworkVersion>.NETCoreApp,Version=v6.0</TargetFrameworkVersion>\r\n    <DesignMode>False</DesignMode>\r\n    <CollectSourceInformation>False</CollectSourceInformation>\r\n  </RunConfiguration>\r\n  <LoggerRunSettings>\r\n    <Loggers>\r\n      <Logger friendlyName=\"blame\" enabled=\"True\" />\r\n      <Logger friendlyName=\"Console\" uri=\"logger://microsoft/TestPlatform/ConsoleLogger/v1\" assemblyQualifiedName=\"Microsoft.VisualStudio.TestPlatform.CommandLine.Internal.ConsoleLogger, vstest.console, Version=15.0.0.0, Culture=neutral, PublicKeyToken=b03f5f7f11d50a3a\" codeBase=\"C:\\Program Files\\dotnet\\sdk\\6.0.307\\vstest.console.dll\" enabled=\"True\" />\r\n    </Loggers>\r\n  </LoggerRunSettings>\r\n  <DataCollectionRunSettings>\r\n    <DataCollectors>\r\n      <DataCollector friendlyName=\"blame\" enabled=\"True\">\r\n        <Configuration>\r\n          <ResultsDirectory>D:\\.net2020_var6\\Lab3-6_Poliukhovych_Ivanna_var6\\Labs_Poliukhovych_Ivanna\\Tests\\bin\\Debug\\net6.0\\fine-code-coverage\\coverage-tool-output</ResultsDirectory>\r\n        </Configuration>\r\n      </DataCollector>\r\n    </DataCollectors>\r\n  </DataCollectionRunSettings>\r\n</RunSettings>","TestExecutionContext":{"FrequencyOfRunStatsChangeEvent":10,"RunStatsChangeEventTimeout":"00:00:01.5000000","InIsolation":false,"KeepAlive":false,"AreTestCaseLevelEventsRequired":false,"IsDebug":false,"TestCaseFilter":null,"FilterOptions":null},"Package":null}}
TpTrace Verbose: 0 : 15692, 13, 2022/12/26, 13:47:36.985, 10213162419772, vstest.console.dll, TcpClientExtensions.MessageLoopAsync: NotifyDataAvailable remoteEndPoint: 127.0.0.1:63933 localEndPoint: 127.0.0.1:63932
TpTrace Verbose: 0 : 15692, 13, 2022/12/26, 13:47:36.985, 10213162421280, vstest.console.dll, TestRequestSender.OnExecutionMessageReceived: Received message: {"Version":5,"MessageType":"TestSession.Message","Payload":{"MessageLevel":0,"Message":"NUnit Adapter 4.2.0.0: Test execution started"}}
TpTrace Verbose: 0 : 15692, 13, 2022/12/26, 13:47:36.985, 10213162425441, vstest.console.dll, TestRunRequest:SendTestRunMessage: Starting.
TpTrace Verbose: 0 : 15692, 13, 2022/12/26, 13:47:36.986, 10213162426653, vstest.console.dll, MulticastDelegateUtilities.SafeInvoke: TestRun.LogMessages: Invoking callback 1/1 for Microsoft.VisualStudio.TestPlatform.CommandLine.TestRunResultAggregator.TestRunMessageHandler, took 0 ms.
TpTrace Verbose: 0 : 15692, 4, 2022/12/26, 13:47:36.986, 10213162426926, vstest.console.dll, MulticastDelegateUtilities.SafeInvoke: InternalTestLoggerEvents.SendTestRunMessage: Invoking callback 1/1 for Microsoft.VisualStudio.TestPlatform.CommandLine.Internal.ConsoleLogger.TestMessageHandler, took 0 ms.
TpTrace Information: 0 : 15692, 13, 2022/12/26, 13:47:36.986, 10213162427798, vstest.console.dll, TestRunRequest:SendTestRunMessage: Completed.
TpTrace Verbose: 0 : 15692, 13, 2022/12/26, 13:47:36.986, 10213162428710, vstest.console.dll, MulticastDelegateUtilities.SafeInvoke: LengthPrefixCommunicationChannel: MessageReceived: Invoking callback 1/1 for Microsoft.VisualStudio.TestPlatform.CommunicationUtilities.TestRequestSender+<>c__DisplayClass30_0.<StartTestRun>b__1, took 0 ms.
TpTrace Verbose: 0 : 15692, 13, 2022/12/26, 13:47:36.986, 10213162429304, vstest.console.dll, TcpClientExtensions.MessageLoopAsync: Polling on remoteEndPoint: 127.0.0.1:63933 localEndPoint: 127.0.0.1:63932
TpTrace Verbose: 0 : 15692, 13, 2022/12/26, 13:47:37.040, 10213162966665, vstest.console.dll, TcpClientExtensions.MessageLoopAsync: NotifyDataAvailable remoteEndPoint: 127.0.0.1:63933 localEndPoint: 127.0.0.1:63932
TpTrace Verbose: 0 : 15692, 13, 2022/12/26, 13:47:37.040, 10213162968235, vstest.console.dll, TestRequestSender.OnExecutionMessageReceived: Received message: {"Version":5,"MessageType":"TestSession.Message","Payload":{"MessageLevel":0,"Message":"Running all tests in D:\\.net2020_var6\\Lab3-6_Poliukhovych_Ivanna_var6\\Labs_Poliukhovych_Ivanna\\Tests\\bin\\Debug\\net6.0\\fine-code-coverage\\build-output\\Tests.dll"}}
TpTrace Verbose: 0 : 15692, 13, 2022/12/26, 13:47:37.040, 10213162970938, vstest.console.dll, TestRunRequest:SendTestRunMessage: Starting.
TpTrace Verbose: 0 : 15692, 13, 2022/12/26, 13:47:37.040, 10213162971993, vstest.console.dll, MulticastDelegateUtilities.SafeInvoke: TestRun.LogMessages: Invoking callback 1/1 for Microsoft.VisualStudio.TestPlatform.CommandLine.TestRunResultAggregator.TestRunMessageHandler, took 0 ms.
TpTrace Verbose: 0 : 15692, 4, 2022/12/26, 13:47:37.040, 10213162972028, vstest.console.dll, MulticastDelegateUtilities.SafeInvoke: InternalTestLoggerEvents.SendTestRunMessage: Invoking callback 1/1 for Microsoft.VisualStudio.TestPlatform.CommandLine.Internal.ConsoleLogger.TestMessageHandler, took 0 ms.
TpTrace Information: 0 : 15692, 13, 2022/12/26, 13:47:37.040, 10213162972524, vstest.console.dll, TestRunRequest:SendTestRunMessage: Completed.
TpTrace Verbose: 0 : 15692, 13, 2022/12/26, 13:47:37.040, 10213162973988, vstest.console.dll, MulticastDelegateUtilities.SafeInvoke: LengthPrefixCommunicationChannel: MessageReceived: Invoking callback 1/1 for Microsoft.VisualStudio.TestPlatform.CommunicationUtilities.TestRequestSender+<>c__DisplayClass30_0.<StartTestRun>b__1, took 0 ms.
TpTrace Verbose: 0 : 15692, 13, 2022/12/26, 13:47:37.040, 10213162974774, vstest.console.dll, TcpClientExtensions.MessageLoopAsync: Polling on remoteEndPoint: 127.0.0.1:63933 localEndPoint: 127.0.0.1:63932
TpTrace Verbose: 0 : 15692, 13, 2022/12/26, 13:47:37.287, 10213165438953, vstest.console.dll, TcpClientExtensions.MessageLoopAsync: NotifyDataAvailable remoteEndPoint: 127.0.0.1:63933 localEndPoint: 127.0.0.1:63932
TpTrace Verbose: 0 : 15692, 13, 2022/12/26, 13:47:37.287, 10213165440302, vstest.console.dll, TestRequestSender.OnExecutionMessageReceived: Received message: {"Version":5,"MessageType":"TestSession.Message","Payload":{"MessageLevel":0,"Message":"   NUnit3TestExecutor discovered 22 of 22 NUnit test cases using Current Discovery mode, Non-Explicit run"}}
TpTrace Verbose: 0 : 15692, 13, 2022/12/26, 13:47:37.287, 10213165442649, vstest.console.dll, TestRunRequest:SendTestRunMessage: Starting.
TpTrace Verbose: 0 : 15692, 13, 2022/12/26, 13:47:37.287, 10213165443578, vstest.console.dll, MulticastDelegateUtilities.SafeInvoke: TestRun.LogMessages: Invoking callback 1/1 for Microsoft.VisualStudio.TestPlatform.CommandLine.TestRunResultAggregator.TestRunMessageHandler, took 0 ms.
TpTrace Verbose: 0 : 15692, 4, 2022/12/26, 13:47:37.287, 10213165443789, vstest.console.dll, MulticastDelegateUtilities.SafeInvoke: InternalTestLoggerEvents.SendTestRunMessage: Invoking callback 1/1 for Microsoft.VisualStudio.TestPlatform.CommandLine.Internal.ConsoleLogger.TestMessageHandler, took 0 ms.
TpTrace Information: 0 : 15692, 13, 2022/12/26, 13:47:37.287, 10213165444219, vstest.console.dll, TestRunRequest:SendTestRunMessage: Completed.
TpTrace Verbose: 0 : 15692, 13, 2022/12/26, 13:47:37.287, 10213165445569, vstest.console.dll, MulticastDelegateUtilities.SafeInvoke: LengthPrefixCommunicationChannel: MessageReceived: Invoking callback 1/1 for Microsoft.VisualStudio.TestPlatform.CommunicationUtilities.TestRequestSender+<>c__DisplayClass30_0.<StartTestRun>b__1, took 0 ms.
TpTrace Verbose: 0 : 15692, 13, 2022/12/26, 13:47:37.287, 10213165446133, vstest.console.dll, TcpClientExtensions.MessageLoopAsync: Polling on remoteEndPoint: 127.0.0.1:63933 localEndPoint: 127.0.0.1:63932
TpTrace Verbose: 0 : 15692, 13, 2022/12/26, 13:47:38.289, 10213175461753, vstest.console.dll, TcpClientExtensions.MessageLoopAsync: Polling on remoteEndPoint: 127.0.0.1:63933 localEndPoint: 127.0.0.1:63932
TpTrace Verbose: 0 : 15692, 13, 2022/12/26, 13:47:38.408, 10213176646566, vstest.console.dll, TcpClientExtensions.MessageLoopAsync: NotifyDataAvailable remoteEndPoint: 127.0.0.1:63933 localEndPoint: 127.0.0.1:63932
TpTrace Verbose: 0 : 15692, 13, 2022/12/26, 13:47:38.408, 10213176648538, vstest.console.dll, TestRequestSender.OnExecutionMessageReceived: Received message: {"Version":5,"MessageType":"TestExecution.StatsChange","Payload":{"NewTestResults":[],"TestRunStatistics":{"ExecutedTests":0,"Stats":{}},"ActiveTests":[{"Id":"4336c143-9f37-6a8e-15c5-dd36ccf954c8","FullyQualifiedName":"Tests.DAL.Tests.FriendshipRepo.FriendshipRepoTests.AddFriend_Not_Null","DisplayName":"AddFriend_Not_Null","ExecutorUri":"executor://NUnit3TestExecutor","Source":"D:\\.net2020_var6\\Lab3-6_Poliukhovych_Ivanna_var6\\Labs_Poliukhovych_Ivanna\\Tests\\bin\\Debug\\net6.0\\fine-code-coverage\\build-output\\Tests.dll","CodeFilePath":null,"LineNumber":0,"Properties":[{"Key":{"Id":"NUnit.Seed","Label":"Seed","Category":"","Description":"","Attributes":0,"ValueType":"System.String"},"Value":"1507514614"}]}]}}
TpTrace Verbose: 0 : 15692, 13, 2022/12/26, 13:47:38.440, 10213176975910, vstest.console.dll, TestRunRequest:SendTestRunStatsChange: Starting.
TpTrace Verbose: 0 : 15692, 13, 2022/12/26, 13:47:38.441, 10213176977675, vstest.console.dll, InProgress is AddFriend_Not_Null
TpTrace Verbose: 0 : 15692, 13, 2022/12/26, 13:47:38.441, 10213176978831, vstest.console.dll, MulticastDelegateUtilities.SafeInvoke: TestRun.RunStatsChanged: Invoking callbacks was skipped because there are no subscribers.
TpTrace Information: 0 : 15692, 13, 2022/12/26, 13:47:38.441, 10213176979226, vstest.console.dll, TestRunRequest:SendTestRunStatsChange: Completed.
TpTrace Verbose: 0 : 15692, 13, 2022/12/26, 13:47:38.441, 10213176979715, vstest.console.dll, MulticastDelegateUtilities.SafeInvoke: LengthPrefixCommunicationChannel: MessageReceived: Invoking callback 1/1 for Microsoft.VisualStudio.TestPlatform.CommunicationUtilities.TestRequestSender+<>c__DisplayClass30_0.<StartTestRun>b__1, took 33 ms.
TpTrace Verbose: 0 : 15692, 13, 2022/12/26, 13:47:38.441, 10213176980306, vstest.console.dll, TcpClientExtensions.MessageLoopAsync: Polling on remoteEndPoint: 127.0.0.1:63933 localEndPoint: 127.0.0.1:63932
TpTrace Verbose: 0 : 15692, 13, 2022/12/26, 13:47:39.261, 10213185182986, vstest.console.dll, TcpClientExtensions.MessageLoopAsync: NotifyDataAvailable remoteEndPoint: 127.0.0.1:63933 localEndPoint: 127.0.0.1:63932
TpTrace Verbose: 0 : 15692, 13, 2022/12/26, 13:47:39.261, 10213185185422, vstest.console.dll, TestRequestSender.OnExecutionMessageReceived: Received message: {"Version":5,"MessageType":"TestExecution.StatsChange","Payload":{"NewTestResults":[{"TestCase":{"Id":"4336c143-9f37-6a8e-15c5-dd36ccf954c8","FullyQualifiedName":"Tests.DAL.Tests.FriendshipRepo.FriendshipRepoTests.AddFriend_Not_Null","DisplayName":"AddFriend_Not_Null","ExecutorUri":"executor://NUnit3TestExecutor","Source":"D:\\.net2020_var6\\Lab3-6_Poliukhovych_Ivanna_var6\\Labs_Poliukhovych_Ivanna\\Tests\\bin\\Debug\\net6.0\\fine-code-coverage\\build-output\\Tests.dll","CodeFilePath":null,"LineNumber":0,"Properties":[{"Key":{"Id":"NUnit.Seed","Label":"Seed","Category":"","Description":"","Attributes":0,"ValueType":"System.String"},"Value":"1507514614"}]},"Attachments":[],"Outcome":1,"ErrorMessage":null,"ErrorStackTrace":null,"DisplayName":"AddFriend_Not_Null","Messages":[],"ComputerName":"DESKTOP-P7QOF3N","Duration":"00:00:01.5851030","StartTime":"2022-12-26T11:47:37.3305587+00:00","EndTime":"2022-12-26T11:47:38.9153997+00:00","Properties":[{"Key":{"Id":"NUnit.Seed","Label":"Seed","Category":"","Description":"","Attributes":0,"ValueType":"System.String"},"Value":"1507514614"}]},{"TestCase":{"Id":"728b2510-2e20-ab59-29f7-a7bddaf4d176","FullyQualifiedName":"Tests.DAL.Tests.FriendshipRepo.FriendshipRepoTests.AddFriend_Null","DisplayName":"AddFriend_Null","ExecutorUri":"executor://NUnit3TestExecutor","Source":"D:\\.net2020_var6\\Lab3-6_Poliukhovych_Ivanna_var6\\Labs_Poliukhovych_Ivanna\\Tests\\bin\\Debug\\net6.0\\fine-code-coverage\\build-output\\Tests.dll","CodeFilePath":null,"LineNumber":0,"Properties":[{"Key":{"Id":"NUnit.Seed","Label":"Seed","Category":"","Description":"","Attributes":0,"ValueType":"System.String"},"Value":"40824208"}]},"Attachments":[],"Outcome":1,"ErrorMessage":null,"ErrorStackTrace":null,"DisplayName":"AddFriend_Null","Messages":[],"ComputerName":"DESKTOP-P7QOF3N","Duration":"00:00:00.0541080","StartTime":"2022-12-26T11:47:38.91813+00:00","EndTime":"2022-12-26T11:47:38.9722379+00:00","Properties":[{"Key":{"Id":"NUnit.Seed","Label":"Seed","Category":"","Description":"","Attributes":0,"ValueType":"System.String"},"Value":"40824208"}]},{"TestCase":{"Id":"d8604cf3-ef48-ad54-9625-9143ed43fa46","FullyQualifiedName":"Tests.DAL.Tests.FriendshipRepo.FriendshipRepoTests.DeleteFriend_Null_Friendship","DisplayName":"DeleteFriend_Null_Friendship","ExecutorUri":"executor://NUnit3TestExecutor","Source":"D:\\.net2020_var6\\Lab3-6_Poliukhovych_Ivanna_var6\\Labs_Poliukhovych_Ivanna\\Tests\\bin\\Debug\\net6.0\\fine-code-coverage\\build-output\\Tests.dll","CodeFilePath":null,"LineNumber":0,"Properties":[{"Key":{"Id":"NUnit.Seed","Label":"Seed","Category":"","Description":"","Attributes":0,"ValueType":"System.String"},"Value":"1315748570"}]},"Attachments":[],"Outcome":1,"ErrorMessage":null,"ErrorStackTrace":null,"DisplayName":"DeleteFriend_Null_Friendship","Messages":[],"ComputerName":"DESKTOP-P7QOF3N","Duration":"00:00:00.0217840","StartTime":"2022-12-26T11:47:38.9722848+00:00","EndTime":"2022-12-26T11:47:38.9940687+00:00","Properties":[{"Key":{"Id":"NUnit.Seed","Label":"Seed","Category":"","Description":"","Attributes":0,"ValueType":"System.String"},"Value":"1315748570"}]},{"TestCase":{"Id":"2f7f8ef6-4440-f38c-66c0-2d6b326eefb7","FullyQualifiedName":"Tests.DAL.Tests.FriendshipRepo.FriendshipRepoTests.GetFriends","DisplayName":"GetFriends","ExecutorUri":"executor://NUnit3TestExecutor","Source":"D:\\.net2020_var6\\Lab3-6_Poliukhovych_Ivanna_var6\\Labs_Poliukhovych_Ivanna\\Tests\\bin\\Debug\\net6.0\\fine-code-coverage\\build-output\\Tests.dll","CodeFilePath":null,"LineNumber":0,"Properties":[{"Key":{"Id":"NUnit.Seed","Label":"Seed","Category":"","Description":"","Attributes":0,"ValueType":"System.String"},"Value":"369696723"}]},"Attachments":[],"Outcome":1,"ErrorMessage":null,"ErrorStackTrace":null,"DisplayName":"GetFriends","Messages":[],"ComputerName":"DESKTOP-P7QOF3N","Duration":"00:00:00.1294860","StartTime":"2022-12-26T11:47:38.994103+00:00","EndTime":"2022-12-26T11:47:39.1235885+00:00","Properties":[{"Key":{"Id":"NUnit.Seed","Label":"Seed","Category":"","Description":"","Attributes":0,"ValueType":"System.String"},"Value":"369696723"}]},{"TestCase":{"Id":"3c86d0e4-35ff-ec87-9542-14d400dcd412","FullyQualifiedName":"Tests.DAL.Tests.GroupRepo.GroupRepoTests.AddGroup_Not_Null","DisplayName":"AddGroup_Not_Null","ExecutorUri":"executor://NUnit3TestExecutor","Source":"D:\\.net2020_var6\\Lab3-6_Poliukhovych_Ivanna_var6\\Labs_Poliukhovych_Ivanna\\Tests\\bin\\Debug\\net6.0\\fine-code-coverage\\build-output\\Tests.dll","CodeFilePath":null,"LineNumber":0,"Properties":[{"Key":{"Id":"NUnit.Seed","Label":"Seed","Category":"","Description":"","Attributes":0,"ValueType":"System.String"},"Value":"2138781090"}]},"Attachments":[],"Outcome":1,"ErrorMessage":null,"ErrorStackTrace":null,"DisplayName":"AddGroup_Not_Null","Messages":[],"ComputerName":"DESKTOP-P7QOF3N","Duration":"00:00:00.0410860","StartTime":"2022-12-26T11:47:39.1273317+00:00","EndTime":"2022-12-26T11:47:39.1684168+00:00","Properties":[{"Key":{"Id":"NUnit.Seed","Label":"Seed","Category":"","Description":"","Attributes":0,"ValueType":"System.String"},"Value":"2138781090"}]},{"TestCase":{"Id":"4097c4a6-38ca-bc48-d9ea-dce8664d0924","FullyQualifiedName":"Tests.DAL.Tests.GroupRepo.GroupRepoTests.AddGroup_Null","DisplayName":"AddGroup_Null","ExecutorUri":"executor://NUnit3TestExecutor","Source":"D:\\.net2020_var6\\Lab3-6_Poliukhovych_Ivanna_var6\\Labs_Poliukhovych_Ivanna\\Tests\\bin\\Debug\\net6.0\\fine-code-coverage\\build-output\\Tests.dll","CodeFilePath":null,"LineNumber":0,"Properties":[{"Key":{"Id":"NUnit.Seed","Label":"Seed","Category":"","Description":"","Attributes":0,"ValueType":"System.String"},"Value":"156871332"}]},"Attachments":[],"Outcome":1,"ErrorMessage":null,"ErrorStackTrace":null,"DisplayName":"AddGroup_Null","Messages":[],"ComputerName":"DESKTOP-P7QOF3N","Duration":"00:00:00.0017550","StartTime":"2022-12-26T11:47:39.1684465+00:00","EndTime":"2022-12-26T11:47:39.170201+00:00","Properties":[{"Key":{"Id":"NUnit.Seed","Label":"Seed","Category":"","Description":"","Attributes":0,"ValueType":"System.String"},"Value":"156871332"}]},{"TestCase":{"Id":"e1478f75-ead1-4f05-77e2-bc3169923a47","FullyQualifiedName":"Tests.DAL.Tests.GroupRepo.GroupRepoTests.DeleteGroup_Existing_Id","DisplayName":"DeleteGroup_Existing_Id","ExecutorUri":"executor://NUnit3TestExecutor","Source":"D:\\.net2020_var6\\Lab3-6_Poliukhovych_Ivanna_var6\\Labs_Poliukhovych_Ivanna\\Tests\\bin\\Debug\\net6.0\\fine-code-coverage\\build-output\\Tests.dll","CodeFilePath":null,"LineNumber":0,"Properties":[{"Key":{"Id":"NUnit.Seed","Label":"Seed","Category":"","Description":"","Attributes":0,"ValueType":"System.String"},"Value":"1085813133"}]},"Attachments":[],"Outcome":1,"ErrorMessage":null,"ErrorStackTrace":null,"DisplayName":"DeleteGroup_Existing_Id","Messages":[],"ComputerName":"DESKTOP-P7QOF3N","Duration":"00:00:00.0257050","StartTime":"2022-12-26T11:47:39.1702226+00:00","EndTime":"2022-12-26T11:47:39.1959264+00:00","Properties":[{"Key":{"Id":"NUnit.Seed","Label":"Seed","Category":"","Description":"","Attributes":0,"ValueType":"System.String"},"Value":"1085813133"}]},{"TestCase":{"Id":"d9ae1c86-fb56-cb0e-0879-357bb497fe20","FullyQualifiedName":"Tests.DAL.Tests.GroupRepo.GroupRepoTests.DeleteGroup_Not_Existing_Id","DisplayName":"DeleteGroup_Not_Existing_Id","ExecutorUri":"executor://NUnit3TestExecutor","Source":"D:\\.net2020_var6\\Lab3-6_Poliukhovych_Ivanna_var6\\Labs_Poliukhovych_Ivanna\\Tests\\bin\\Debug\\net6.0\\fine-code-coverage\\build-output\\Tests.dll","CodeFilePath":null,"LineNumber":0,"Properties":[{"Key":{"Id":"NUnit.Seed","Label":"Seed","Category":"","Description":"","Attributes":0,"ValueType":"System.String"},"Value":"2001225813"}]},"Attachments":[],"Outcome":1,"ErrorMessage":null,"ErrorStackTrace":null,"DisplayName":"DeleteGroup_Not_Existing_Id","Messages":[],"ComputerName":"DESKTOP-P7QOF3N","Duration":"00:00:00.0041009","StartTime":"2022-12-26T11:47:39.1959615+00:00","EndTime":"2022-12-26T11:47:39.200062+00:00","Properties":[{"Key":{"Id":"NUnit.Seed","Label":"Seed","Category":"","Description":"","Attributes":0,"ValueType":"System.String"},"Value":"2001225813"}]},{"TestCase":{"Id":"6a508d19-3637-1d33-9250-495da5b0800c","FullyQualifiedName":"Tests.DAL.Tests.GroupRepo.GroupRepoTests.GetGroupById_Existing_Id","DisplayName":"GetGroupById_Existing_Id","ExecutorUri":"executor://NUnit3TestExecutor","Source":"D:\\.net2020_var6\\Lab3-6_Poliukhovych_Ivanna_var6\\Labs_Poliukhovych_Ivanna\\Tests\\bin\\Debug\\net6.0\\fine-code-coverage\\build-output\\Tests.dll","CodeFilePath":null,"LineNumber":0,"Properties":[{"Key":{"Id":"NUnit.Seed","Label":"Seed","Category":"","Description":"","Attributes":0,"ValueType":"System.String"},"Value":"942417188"}]},"Attachments":[],"Outcome":1,"ErrorMessage":null,"ErrorStackTrace":null,"DisplayName":"GetGroupById_Existing_Id","Messages":[],"ComputerName":"DESKTOP-P7QOF3N","Duration":"00:00:00.0487550","StartTime":"2022-12-26T11:47:39.2000903+00:00","EndTime":"2022-12-26T11:47:39.2488446+00:00","Properties":[{"Key":{"Id":"NUnit.Seed","Label":"Seed","Category":"","Description":"","Attributes":0,"ValueType":"System.String"},"Value":"942417188"}]}],"TestRunStatistics":{"ExecutedTests":9,"Stats":{"Passed":9}},"ActiveTests":[{"Id":"a5ff30a1-ebb6-f5be-126e-06e7551cae7c","FullyQualifiedName":"Tests.DAL.Tests.GroupRepo.GroupRepoTests.GetGroupById_Not_Existing_Id","DisplayName":"GetGroupById_Not_Existing_Id","ExecutorUri":"executor://NUnit3TestExecutor","Source":"D:\\.net2020_var6\\Lab3-6_Poliukhovych_Ivanna_var6\\Labs_Poliukhovych_Ivanna\\Tests\\bin\\Debug\\net6.0\\fine-code-coverage\\build-output\\Tests.dll","CodeFilePath":null,"LineNumber":0,"Properties":[{"Key":{"Id":"NUnit.Seed","Label":"Seed","Category":"","Description":"","Attributes":0,"ValueType":"System.String"},"Value":"1953813500"}]}]}}
TpTrace Verbose: 0 : 15692, 13, 2022/12/26, 13:47:39.273, 10213185300354, vstest.console.dll, TestRunRequest:SendTestRunStatsChange: Starting.
TpTrace Verbose: 0 : 15692, 13, 2022/12/26, 13:47:39.273, 10213185301298, vstest.console.dll, InProgress is GetGroupById_Not_Existing_Id
TpTrace Verbose: 0 : 15692, 13, 2022/12/26, 13:47:39.273, 10213185303010, vstest.console.dll, MulticastDelegateUtilities.SafeInvoke: TestRun.RunStatsChanged: Invoking callbacks was skipped because there are no subscribers.
TpTrace Information: 0 : 15692, 13, 2022/12/26, 13:47:39.273, 10213185303522, vstest.console.dll, TestRunRequest:SendTestRunStatsChange: Completed.
TpTrace Verbose: 0 : 15692, 13, 2022/12/26, 13:47:39.273, 10213185304017, vstest.console.dll, MulticastDelegateUtilities.SafeInvoke: LengthPrefixCommunicationChannel: MessageReceived: Invoking callback 1/1 for Microsoft.VisualStudio.TestPlatform.CommunicationUtilities.TestRequestSender+<>c__DisplayClass30_0.<StartTestRun>b__1, took 11 ms.
TpTrace Verbose: 0 : 15692, 13, 2022/12/26, 13:47:39.273, 10213185304421, vstest.console.dll, TcpClientExtensions.MessageLoopAsync: Polling on remoteEndPoint: 127.0.0.1:63933 localEndPoint: 127.0.0.1:63932
TpTrace Verbose: 0 : 15692, 4, 2022/12/26, 13:47:39.279, 10213185359983, vstest.console.dll, MulticastDelegateUtilities.SafeInvoke: InternalTestLoggerEvents.SendTestResult: Invoking callback 1/1 for Microsoft.VisualStudio.TestPlatform.CommandLine.Internal.ConsoleLogger.TestResultHandler, took 5 ms.
TpTrace Verbose: 0 : 15692, 4, 2022/12/26, 13:47:39.279, 10213185361875, vstest.console.dll, MulticastDelegateUtilities.SafeInvoke: InternalTestLoggerEvents.SendTestResult: Invoking callback 1/1 for Microsoft.VisualStudio.TestPlatform.CommandLine.Internal.ConsoleLogger.TestResultHandler, took 0 ms.
TpTrace Verbose: 0 : 15692, 4, 2022/12/26, 13:47:39.279, 10213185362756, vstest.console.dll, MulticastDelegateUtilities.SafeInvoke: InternalTestLoggerEvents.SendTestResult: Invoking callback 1/1 for Microsoft.VisualStudio.TestPlatform.CommandLine.Internal.ConsoleLogger.TestResultHandler, took 0 ms.
TpTrace Verbose: 0 : 15692, 4, 2022/12/26, 13:47:39.279, 10213185363435, vstest.console.dll, MulticastDelegateUtilities.SafeInvoke: InternalTestLoggerEvents.SendTestResult: Invoking callback 1/1 for Microsoft.VisualStudio.TestPlatform.CommandLine.Internal.ConsoleLogger.TestResultHandler, took 0 ms.
TpTrace Verbose: 0 : 15692, 4, 2022/12/26, 13:47:39.279, 10213185364046, vstest.console.dll, MulticastDelegateUtilities.SafeInvoke: InternalTestLoggerEvents.SendTestResult: Invoking callback 1/1 for Microsoft.VisualStudio.TestPlatform.CommandLine.Internal.ConsoleLogger.TestResultHandler, took 0 ms.
TpTrace Verbose: 0 : 15692, 4, 2022/12/26, 13:47:39.279, 10213185364743, vstest.console.dll, MulticastDelegateUtilities.SafeInvoke: InternalTestLoggerEvents.SendTestResult: Invoking callback 1/1 for Microsoft.VisualStudio.TestPlatform.CommandLine.Internal.ConsoleLogger.TestResultHandler, took 0 ms.
TpTrace Verbose: 0 : 15692, 4, 2022/12/26, 13:47:39.279, 10213185365346, vstest.console.dll, MulticastDelegateUtilities.SafeInvoke: InternalTestLoggerEvents.SendTestResult: Invoking callback 1/1 for Microsoft.VisualStudio.TestPlatform.CommandLine.Internal.ConsoleLogger.TestResultHandler, took 0 ms.
TpTrace Verbose: 0 : 15692, 4, 2022/12/26, 13:47:39.279, 10213185366081, vstest.console.dll, MulticastDelegateUtilities.SafeInvoke: InternalTestLoggerEvents.SendTestResult: Invoking callback 1/1 for Microsoft.VisualStudio.TestPlatform.CommandLine.Internal.ConsoleLogger.TestResultHandler, took 0 ms.
TpTrace Verbose: 0 : 15692, 4, 2022/12/26, 13:47:39.280, 10213185366754, vstest.console.dll, MulticastDelegateUtilities.SafeInvoke: InternalTestLoggerEvents.SendTestResult: Invoking callback 1/1 for Microsoft.VisualStudio.TestPlatform.CommandLine.Internal.ConsoleLogger.TestResultHandler, took 0 ms.
TpTrace Verbose: 0 : 15692, 13, 2022/12/26, 13:47:39.371, 10213186276435, vstest.console.dll, TcpClientExtensions.MessageLoopAsync: NotifyDataAvailable remoteEndPoint: 127.0.0.1:63933 localEndPoint: 127.0.0.1:63932
TpTrace Verbose: 0 : 15692, 13, 2022/12/26, 13:47:39.371, 10213186278792, vstest.console.dll, TestRequestSender.OnExecutionMessageReceived: Received message: {"Version":5,"MessageType":"TestExecution.StatsChange","Payload":{"NewTestResults":[{"TestCase":{"Id":"a5ff30a1-ebb6-f5be-126e-06e7551cae7c","FullyQualifiedName":"Tests.DAL.Tests.GroupRepo.GroupRepoTests.GetGroupById_Not_Existing_Id","DisplayName":"GetGroupById_Not_Existing_Id","ExecutorUri":"executor://NUnit3TestExecutor","Source":"D:\\.net2020_var6\\Lab3-6_Poliukhovych_Ivanna_var6\\Labs_Poliukhovych_Ivanna\\Tests\\bin\\Debug\\net6.0\\fine-code-coverage\\build-output\\Tests.dll","CodeFilePath":null,"LineNumber":0,"Properties":[{"Key":{"Id":"NUnit.Seed","Label":"Seed","Category":"","Description":"","Attributes":0,"ValueType":"System.String"},"Value":"1953813500"}]},"Attachments":[],"Outcome":1,"ErrorMessage":null,"ErrorStackTrace":null,"DisplayName":"GetGroupById_Not_Existing_Id","Messages":[],"ComputerName":"DESKTOP-P7QOF3N","Duration":"00:00:00.0018350","StartTime":"2022-12-26T11:47:39.2488776+00:00","EndTime":"2022-12-26T11:47:39.2507123+00:00","Properties":[{"Key":{"Id":"NUnit.Seed","Label":"Seed","Category":"","Description":"","Attributes":0,"ValueType":"System.String"},"Value":"1953813500"}]},{"TestCase":{"Id":"c2632163-2854-cac2-7ab1-132b666e544f","FullyQualifiedName":"Tests.DAL.Tests.GroupRepo.GroupRepoTests.GetGroups","DisplayName":"GetGroups","ExecutorUri":"executor://NUnit3TestExecutor","Source":"D:\\.net2020_var6\\Lab3-6_Poliukhovych_Ivanna_var6\\Labs_Poliukhovych_Ivanna\\Tests\\bin\\Debug\\net6.0\\fine-code-coverage\\build-output\\Tests.dll","CodeFilePath":null,"LineNumber":0,"Properties":[{"Key":{"Id":"NUnit.Seed","Label":"Seed","Category":"","Description":"","Attributes":0,"ValueType":"System.String"},"Value":"1208532226"}]},"Attachments":[],"Outcome":1,"ErrorMessage":null,"ErrorStackTrace":null,"DisplayName":"GetGroups","Messages":[],"ComputerName":"DESKTOP-P7QOF3N","Duration":"00:00:00.0295260","StartTime":"2022-12-26T11:47:39.2507323+00:00","EndTime":"2022-12-26T11:47:39.2802572+00:00","Properties":[{"Key":{"Id":"NUnit.Seed","Label":"Seed","Category":"","Description":"","Attributes":0,"ValueType":"System.String"},"Value":"1208532226"}]},{"TestCase":{"Id":"ab00bc95-2d50-be19-b0b3-53914d8f9671","FullyQualifiedName":"Tests.DAL.Tests.GroupRepo.GroupRepoTests.UpdateGroup_Not_Null","DisplayName":"UpdateGroup_Not_Null","ExecutorUri":"executor://NUnit3TestExecutor","Source":"D:\\.net2020_var6\\Lab3-6_Poliukhovych_Ivanna_var6\\Labs_Poliukhovych_Ivanna\\Tests\\bin\\Debug\\net6.0\\fine-code-coverage\\build-output\\Tests.dll","CodeFilePath":null,"LineNumber":0,"Properties":[{"Key":{"Id":"NUnit.Seed","Label":"Seed","Category":"","Description":"","Attributes":0,"ValueType":"System.String"},"Value":"1711617840"}]},"Attachments":[],"Outcome":1,"ErrorMessage":null,"ErrorStackTrace":null,"DisplayName":"UpdateGroup_Not_Null","Messages":[],"ComputerName":"DESKTOP-P7QOF3N","Duration":"00:00:00.0049350","StartTime":"2022-12-26T11:47:39.280283+00:00","EndTime":"2022-12-26T11:47:39.2852175+00:00","Properties":[{"Key":{"Id":"NUnit.Seed","Label":"Seed","Category":"","Description":"","Attributes":0,"ValueType":"System.String"},"Value":"1711617840"}]},{"TestCase":{"Id":"ab76acd2-e77a-76f2-167a-78ce6a7bcd7c","FullyQualifiedName":"Tests.DAL.Tests.GroupRepo.GroupRepoTests.UpdateGroup_Null","DisplayName":"UpdateGroup_Null","ExecutorUri":"executor://NUnit3TestExecutor","Source":"D:\\.net2020_var6\\Lab3-6_Poliukhovych_Ivanna_var6\\Labs_Poliukhovych_Ivanna\\Tests\\bin\\Debug\\net6.0\\fine-code-coverage\\build-output\\Tests.dll","CodeFilePath":null,"LineNumber":0,"Properties":[{"Key":{"Id":"NUnit.Seed","Label":"Seed","Category":"","Description":"","Attributes":0,"ValueType":"System.String"},"Value":"496205008"}]},"Attachments":[],"Outcome":1,"ErrorMessage":null,"ErrorStackTrace":null,"DisplayName":"UpdateGroup_Null","Messages":[],"ComputerName":"DESKTOP-P7QOF3N","Duration":"00:00:00.0015790","StartTime":"2022-12-26T11:47:39.2852415+00:00","EndTime":"2022-12-26T11:47:39.2868199+00:00","Properties":[{"Key":{"Id":"NUnit.Seed","Label":"Seed","Category":"","Description":"","Attributes":0,"ValueType":"System.String"},"Value":"496205008"}]},{"TestCase":{"Id":"4de8e54b-61df-52ea-f35f-461882873266","FullyQualifiedName":"Tests.DAL.Tests.MessageRepo.MessageRepoTests.AddMessage_Not_Null","DisplayName":"AddMessage_Not_Null","ExecutorUri":"executor://NUnit3TestExecutor","Source":"D:\\.net2020_var6\\Lab3-6_Poliukhovych_Ivanna_var6\\Labs_Poliukhovych_Ivanna\\Tests\\bin\\Debug\\net6.0\\fine-code-coverage\\build-output\\Tests.dll","CodeFilePath":null,"LineNumber":0,"Properties":[{"Key":{"Id":"NUnit.Seed","Label":"Seed","Category":"","Description":"","Attributes":0,"ValueType":"System.String"},"Value":"1332150213"}]},"Attachments":[],"Outcome":1,"ErrorMessage":null,"ErrorStackTrace":null,"DisplayName":"AddMessage_Not_Null","Messages":[],"ComputerName":"DESKTOP-P7QOF3N","Duration":"00:00:00.0318680","StartTime":"2022-12-26T11:47:39.2869864+00:00","EndTime":"2022-12-26T11:47:39.3188539+00:00","Properties":[{"Key":{"Id":"NUnit.Seed","Label":"Seed","Category":"","Description":"","Attributes":0,"ValueType":"System.String"},"Value":"1332150213"}]},{"TestCase":{"Id":"bb97dcdd-53b5-ac53-6e8c-08551f45392d","FullyQualifiedName":"Tests.DAL.Tests.MessageRepo.MessageRepoTests.AddMessage_Null","DisplayName":"AddMessage_Null","ExecutorUri":"executor://NUnit3TestExecutor","Source":"D:\\.net2020_var6\\Lab3-6_Poliukhovych_Ivanna_var6\\Labs_Poliukhovych_Ivanna\\Tests\\bin\\Debug\\net6.0\\fine-code-coverage\\build-output\\Tests.dll","CodeFilePath":null,"LineNumber":0,"Properties":[{"Key":{"Id":"NUnit.Seed","Label":"Seed","Category":"","Description":"","Attributes":0,"ValueType":"System.String"},"Value":"414478653"}]},"Attachments":[],"Outcome":1,"ErrorMessage":null,"ErrorStackTrace":null,"DisplayName":"AddMessage_Null","Messages":[],"ComputerName":"DESKTOP-P7QOF3N","Duration":"00:00:00.0017330","StartTime":"2022-12-26T11:47:39.3188819+00:00","EndTime":"2022-12-26T11:47:39.3206144+00:00","Properties":[{"Key":{"Id":"NUnit.Seed","Label":"Seed","Category":"","Description":"","Attributes":0,"ValueType":"System.String"},"Value":"414478653"}]},{"TestCase":{"Id":"80c4669d-adb3-0341-6db3-7072eb0092d7","FullyQualifiedName":"Tests.DAL.Tests.MessageRepo.MessageRepoTests.DeleteMessage_Existing_Message","DisplayName":"DeleteMessage_Existing_Message","ExecutorUri":"executor://NUnit3TestExecutor","Source":"D:\\.net2020_var6\\Lab3-6_Poliukhovych_Ivanna_var6\\Labs_Poliukhovych_Ivanna\\Tests\\bin\\Debug\\net6.0\\fine-code-coverage\\build-output\\Tests.dll","CodeFilePath":null,"LineNumber":0,"Properties":[{"Key":{"Id":"NUnit.Seed","Label":"Seed","Category":"","Description":"","Attributes":0,"ValueType":"System.String"},"Value":"1667804746"}]},"Attachments":[],"Outcome":1,"ErrorMessage":null,"ErrorStackTrace":null,"DisplayName":"DeleteMessage_Existing_Message","Messages":[],"ComputerName":"DESKTOP-P7QOF3N","Duration":"00:00:00.0104759","StartTime":"2022-12-26T11:47:39.3206343+00:00","EndTime":"2022-12-26T11:47:39.3311105+00:00","Properties":[{"Key":{"Id":"NUnit.Seed","Label":"Seed","Category":"","Description":"","Attributes":0,"ValueType":"System.String"},"Value":"1667804746"}]},{"TestCase":{"Id":"ce1eed61-eeb5-283b-31e3-0230d4f9c222","FullyQualifiedName":"Tests.DAL.Tests.MessageRepo.MessageRepoTests.DeleteMessage_Not_Existing_Message","DisplayName":"DeleteMessage_Not_Existing_Message","ExecutorUri":"executor://NUnit3TestExecutor","Source":"D:\\.net2020_var6\\Lab3-6_Poliukhovych_Ivanna_var6\\Labs_Poliukhovych_Ivanna\\Tests\\bin\\Debug\\net6.0\\fine-code-coverage\\build-output\\Tests.dll","CodeFilePath":null,"LineNumber":0,"Properties":[{"Key":{"Id":"NUnit.Seed","Label":"Seed","Category":"","Description":"","Attributes":0,"ValueType":"System.String"},"Value":"1277443150"}]},"Attachments":[],"Outcome":1,"ErrorMessage":null,"ErrorStackTrace":null,"DisplayName":"DeleteMessage_Not_Existing_Message","Messages":[],"ComputerName":"DESKTOP-P7QOF3N","Duration":"00:00:00.0018840","StartTime":"2022-12-26T11:47:39.3311352+00:00","EndTime":"2022-12-26T11:47:39.3330186+00:00","Properties":[{"Key":{"Id":"NUnit.Seed","Label":"Seed","Category":"","Description":"","Attributes":0,"ValueType":"System.String"},"Value":"1277443150"}]},{"TestCase":{"Id":"7dea5d90-6b06-1386-53b3-e5fe25cb95d5","FullyQualifiedName":"Tests.DAL.Tests.MessageRepo.MessageRepoTests.GetMessageById_Existing_Id","DisplayName":"GetMessageById_Existing_Id","ExecutorUri":"executor://NUnit3TestExecutor","Source":"D:\\.net2020_var6\\Lab3-6_Poliukhovych_Ivanna_var6\\Labs_Poliukhovych_Ivanna\\Tests\\bin\\Debug\\net6.0\\fine-code-coverage\\build-output\\Tests.dll","CodeFilePath":null,"LineNumber":0,"Properties":[{"Key":{"Id":"NUnit.Seed","Label":"Seed","Category":"","Description":"","Attributes":0,"ValueType":"System.String"},"Value":"656201140"}]},"Attachments":[],"Outcome":1,"ErrorMessage":null,"ErrorStackTrace":null,"DisplayName":"GetMessageById_Existing_Id","Messages":[],"ComputerName":"DESKTOP-P7QOF3N","Duration":"00:00:00.0350900","StartTime":"2022-12-26T11:47:39.3330512+00:00","EndTime":"2022-12-26T11:47:39.3681408+00:00","Properties":[{"Key":{"Id":"NUnit.Seed","Label":"Seed","Category":"","Description":"","Attributes":0,"ValueType":"System.String"},"Value":"656201140"}]}],"TestRunStatistics":{"ExecutedTests":18,"Stats":{"Passed":18}},"ActiveTests":[{"Id":"75393b69-42cb-0c3d-b051-a8ef4dd39314","FullyQualifiedName":"Tests.DAL.Tests.MessageRepo.MessageRepoTests.GetMessageById_Not_Existing_Id","DisplayName":"GetMessageById_Not_Existing_Id","ExecutorUri":"executor://NUnit3TestExecutor","Source":"D:\\.net2020_var6\\Lab3-6_Poliukhovych_Ivanna_var6\\Labs_Poliukhovych_Ivanna\\Tests\\bin\\Debug\\net6.0\\fine-code-coverage\\build-output\\Tests.dll","CodeFilePath":null,"LineNumber":0,"Properties":[{"Key":{"Id":"NUnit.Seed","Label":"Seed","Category":"","Description":"","Attributes":0,"ValueType":"System.String"},"Value":"676540710"}]}]}}
TpTrace Verbose: 0 : 15692, 13, 2022/12/26, 13:47:39.383, 10213186403853, vstest.console.dll, TestRunRequest:SendTestRunStatsChange: Starting.
TpTrace Verbose: 0 : 15692, 13, 2022/12/26, 13:47:39.383, 10213186404964, vstest.console.dll, InProgress is GetMessageById_Not_Existing_Id
TpTrace Verbose: 0 : 15692, 13, 2022/12/26, 13:47:39.383, 10213186405517, vstest.console.dll, MulticastDelegateUtilities.SafeInvoke: TestRun.RunStatsChanged: Invoking callbacks was skipped because there are no subscribers.
TpTrace Information: 0 : 15692, 13, 2022/12/26, 13:47:39.383, 10213186405859, vstest.console.dll, TestRunRequest:SendTestRunStatsChange: Completed.
TpTrace Verbose: 0 : 15692, 13, 2022/12/26, 13:47:39.384, 10213186406217, vstest.console.dll, MulticastDelegateUtilities.SafeInvoke: LengthPrefixCommunicationChannel: MessageReceived: Invoking callback 1/1 for Microsoft.VisualStudio.TestPlatform.CommunicationUtilities.TestRequestSender+<>c__DisplayClass30_0.<StartTestRun>b__1, took 12 ms.
TpTrace Verbose: 0 : 15692, 13, 2022/12/26, 13:47:39.384, 10213186406519, vstest.console.dll, TcpClientExtensions.MessageLoopAsync: Polling on remoteEndPoint: 127.0.0.1:63933 localEndPoint: 127.0.0.1:63932
TpTrace Verbose: 0 : 15692, 4, 2022/12/26, 13:47:39.384, 10213186406799, vstest.console.dll, MulticastDelegateUtilities.SafeInvoke: InternalTestLoggerEvents.SendTestResult: Invoking callback 1/1 for Microsoft.VisualStudio.TestPlatform.CommandLine.Internal.ConsoleLogger.TestResultHandler, took 0 ms.
TpTrace Verbose: 0 : 15692, 4, 2022/12/26, 13:47:39.384, 10213186407757, vstest.console.dll, MulticastDelegateUtilities.SafeInvoke: InternalTestLoggerEvents.SendTestResult: Invoking callback 1/1 for Microsoft.VisualStudio.TestPlatform.CommandLine.Internal.ConsoleLogger.TestResultHandler, took 0 ms.
TpTrace Verbose: 0 : 15692, 4, 2022/12/26, 13:47:39.386, 10213186434690, vstest.console.dll, MulticastDelegateUtilities.SafeInvoke: InternalTestLoggerEvents.SendTestResult: Invoking callback 1/1 for Microsoft.VisualStudio.TestPlatform.CommandLine.Internal.ConsoleLogger.TestResultHandler, took 2 ms.
TpTrace Verbose: 0 : 15692, 4, 2022/12/26, 13:47:39.386, 10213186436097, vstest.console.dll, MulticastDelegateUtilities.SafeInvoke: InternalTestLoggerEvents.SendTestResult: Invoking callback 1/1 for Microsoft.VisualStudio.TestPlatform.CommandLine.Internal.ConsoleLogger.TestResultHandler, took 0 ms.
TpTrace Verbose: 0 : 15692, 4, 2022/12/26, 13:47:39.387, 10213186436667, vstest.console.dll, MulticastDelegateUtilities.SafeInvoke: InternalTestLoggerEvents.SendTestResult: Invoking callback 1/1 for Microsoft.VisualStudio.TestPlatform.CommandLine.Internal.ConsoleLogger.TestResultHandler, took 0 ms.
TpTrace Verbose: 0 : 15692, 4, 2022/12/26, 13:47:39.387, 10213186437253, vstest.console.dll, MulticastDelegateUtilities.SafeInvoke: InternalTestLoggerEvents.SendTestResult: Invoking callback 1/1 for Microsoft.VisualStudio.TestPlatform.CommandLine.Internal.ConsoleLogger.TestResultHandler, took 0 ms.
TpTrace Verbose: 0 : 15692, 4, 2022/12/26, 13:47:39.387, 10213186437692, vstest.console.dll, MulticastDelegateUtilities.SafeInvoke: InternalTestLoggerEvents.SendTestResult: Invoking callback 1/1 for Microsoft.VisualStudio.TestPlatform.CommandLine.Internal.ConsoleLogger.TestResultHandler, took 0 ms.
TpTrace Verbose: 0 : 15692, 4, 2022/12/26, 13:47:39.387, 10213186438104, vstest.console.dll, MulticastDelegateUtilities.SafeInvoke: InternalTestLoggerEvents.SendTestResult: Invoking callback 1/1 for Microsoft.VisualStudio.TestPlatform.CommandLine.Internal.ConsoleLogger.TestResultHandler, took 0 ms.
TpTrace Verbose: 0 : 15692, 4, 2022/12/26, 13:47:39.387, 10213186438596, vstest.console.dll, MulticastDelegateUtilities.SafeInvoke: InternalTestLoggerEvents.SendTestResult: Invoking callback 1/1 for Microsoft.VisualStudio.TestPlatform.CommandLine.Internal.ConsoleLogger.TestResultHandler, took 0 ms.
TpTrace Verbose: 0 : 15692, 13, 2022/12/26, 13:47:39.459, 10213187161613, vstest.console.dll, TcpClientExtensions.MessageLoopAsync: NotifyDataAvailable remoteEndPoint: 127.0.0.1:63933 localEndPoint: 127.0.0.1:63932
TpTrace Verbose: 0 : 15692, 13, 2022/12/26, 13:47:39.459, 10213187162798, vstest.console.dll, TestRequestSender.OnExecutionMessageReceived: Received message: {"Version":5,"MessageType":"TestSession.Message","Payload":{"MessageLevel":0,"Message":"NUnit Adapter 4.2.0.0: Test execution complete"}}
TpTrace Verbose: 0 : 15692, 13, 2022/12/26, 13:47:39.459, 10213187164187, vstest.console.dll, TestRunRequest:SendTestRunMessage: Starting.
TpTrace Verbose: 0 : 15692, 13, 2022/12/26, 13:47:39.459, 10213187164883, vstest.console.dll, MulticastDelegateUtilities.SafeInvoke: TestRun.LogMessages: Invoking callback 1/1 for Microsoft.VisualStudio.TestPlatform.CommandLine.TestRunResultAggregator.TestRunMessageHandler, took 0 ms.
TpTrace Verbose: 0 : 15692, 4, 2022/12/26, 13:47:39.459, 10213187165003, vstest.console.dll, MulticastDelegateUtilities.SafeInvoke: InternalTestLoggerEvents.SendTestRunMessage: Invoking callback 1/1 for Microsoft.VisualStudio.TestPlatform.CommandLine.Internal.ConsoleLogger.TestMessageHandler, took 0 ms.
TpTrace Information: 0 : 15692, 13, 2022/12/26, 13:47:39.459, 10213187165310, vstest.console.dll, TestRunRequest:SendTestRunMessage: Completed.
TpTrace Verbose: 0 : 15692, 13, 2022/12/26, 13:47:39.460, 10213187166563, vstest.console.dll, MulticastDelegateUtilities.SafeInvoke: LengthPrefixCommunicationChannel: MessageReceived: Invoking callback 1/1 for Microsoft.VisualStudio.TestPlatform.CommunicationUtilities.TestRequestSender+<>c__DisplayClass30_0.<StartTestRun>b__1, took 0 ms.
TpTrace Verbose: 0 : 15692, 13, 2022/12/26, 13:47:39.460, 10213187166907, vstest.console.dll, TcpClientExtensions.MessageLoopAsync: Polling on remoteEndPoint: 127.0.0.1:63933 localEndPoint: 127.0.0.1:63932
TpTrace Verbose: 0 : 15692, 13, 2022/12/26, 13:47:39.493, 10213187497646, vstest.console.dll, TcpClientExtensions.MessageLoopAsync: NotifyDataAvailable remoteEndPoint: 127.0.0.1:63933 localEndPoint: 127.0.0.1:63932
TpTrace Verbose: 0 : 15692, 13, 2022/12/26, 13:47:39.493, 10213187499190, vstest.console.dll, TestRequestSender.OnExecutionMessageReceived: Received message: {"Version":5,"MessageType":"TestExecution.Completed","Payload":{"TestRunCompleteArgs":{"TestRunStatistics":{"ExecutedTests":22,"Stats":{"Passed":22}},"IsCanceled":false,"IsAborted":false,"Error":null,"AttachmentSets":[],"ElapsedTimeInRunningTests":"00:00:02.5145187","Metrics":{}},"LastRunTests":{"NewTestResults":[{"TestCase":{"Id":"75393b69-42cb-0c3d-b051-a8ef4dd39314","FullyQualifiedName":"Tests.DAL.Tests.MessageRepo.MessageRepoTests.GetMessageById_Not_Existing_Id","DisplayName":"GetMessageById_Not_Existing_Id","ExecutorUri":"executor://NUnit3TestExecutor","Source":"D:\\.net2020_var6\\Lab3-6_Poliukhovych_Ivanna_var6\\Labs_Poliukhovych_Ivanna\\Tests\\bin\\Debug\\net6.0\\fine-code-coverage\\build-output\\Tests.dll","CodeFilePath":null,"LineNumber":0,"Properties":[{"Key":{"Id":"NUnit.Seed","Label":"Seed","Category":"","Description":"","Attributes":0,"ValueType":"System.String"},"Value":"676540710"}]},"Attachments":[],"Outcome":1,"ErrorMessage":null,"ErrorStackTrace":null,"DisplayName":"GetMessageById_Not_Existing_Id","Messages":[],"ComputerName":"DESKTOP-P7QOF3N","Duration":"00:00:00.0069780","StartTime":"2022-12-26T11:47:39.3684979+00:00","EndTime":"2022-12-26T11:47:39.375476+00:00","Properties":[{"Key":{"Id":"NUnit.Seed","Label":"Seed","Category":"","Description":"","Attributes":0,"ValueType":"System.String"},"Value":"676540710"}]},{"TestCase":{"Id":"489d3007-f740-bc2c-c913-5620a014528e","FullyQualifiedName":"Tests.DAL.Tests.MessageRepo.MessageRepoTests.GetMessages","DisplayName":"GetMessages","ExecutorUri":"executor://NUnit3TestExecutor","Source":"D:\\.net2020_var6\\Lab3-6_Poliukhovych_Ivanna_var6\\Labs_Poliukhovych_Ivanna\\Tests\\bin\\Debug\\net6.0\\fine-code-coverage\\build-output\\Tests.dll","CodeFilePath":null,"LineNumber":0,"Properties":[{"Key":{"Id":"NUnit.Seed","Label":"Seed","Category":"","Description":"","Attributes":0,"ValueType":"System.String"},"Value":"539936073"}]},"Attachments":[],"Outcome":1,"ErrorMessage":null,"ErrorStackTrace":null,"DisplayName":"GetMessages","Messages":[],"ComputerName":"DESKTOP-P7QOF3N","Duration":"00:00:00.0606410","StartTime":"2022-12-26T11:47:39.3755045+00:00","EndTime":"2022-12-26T11:47:39.4361445+00:00","Properties":[{"Key":{"Id":"NUnit.Seed","Label":"Seed","Category":"","Description":"","Attributes":0,"ValueType":"System.String"},"Value":"539936073"}]},{"TestCase":{"Id":"f89ee5e7-2d6c-d6d0-469b-6a47039c96df","FullyQualifiedName":"Tests.DAL.Tests.MessageRepo.MessageRepoTests.UpdateMessage_Not_Null","DisplayName":"UpdateMessage_Not_Null","ExecutorUri":"executor://NUnit3TestExecutor","Source":"D:\\.net2020_var6\\Lab3-6_Poliukhovych_Ivanna_var6\\Labs_Poliukhovych_Ivanna\\Tests\\bin\\Debug\\net6.0\\fine-code-coverage\\build-output\\Tests.dll","CodeFilePath":null,"LineNumber":0,"Properties":[{"Key":{"Id":"NUnit.Seed","Label":"Seed","Category":"","Description":"","Attributes":0,"ValueType":"System.String"},"Value":"1756496515"}]},"Attachments":[],"Outcome":1,"ErrorMessage":null,"ErrorStackTrace":null,"DisplayName":"UpdateMessage_Not_Null","Messages":[],"ComputerName":"DESKTOP-P7QOF3N","Duration":"00:00:00.0052060","StartTime":"2022-12-26T11:47:39.4362867+00:00","EndTime":"2022-12-26T11:47:39.441493+00:00","Properties":[{"Key":{"Id":"NUnit.Seed","Label":"Seed","Category":"","Description":"","Attributes":0,"ValueType":"System.String"},"Value":"1756496515"}]},{"TestCase":{"Id":"eb1b7bda-1cf5-af58-2b00-9cbf22b19d4b","FullyQualifiedName":"Tests.DAL.Tests.MessageRepo.MessageRepoTests.UpdateMessage_Null","DisplayName":"UpdateMessage_Null","ExecutorUri":"executor://NUnit3TestExecutor","Source":"D:\\.net2020_var6\\Lab3-6_Poliukhovych_Ivanna_var6\\Labs_Poliukhovych_Ivanna\\Tests\\bin\\Debug\\net6.0\\fine-code-coverage\\build-output\\Tests.dll","CodeFilePath":null,"LineNumber":0,"Properties":[{"Key":{"Id":"NUnit.Seed","Label":"Seed","Category":"","Description":"","Attributes":0,"ValueType":"System.String"},"Value":"678720658"}]},"Attachments":[],"Outcome":1,"ErrorMessage":null,"ErrorStackTrace":null,"DisplayName":"UpdateMessage_Null","Messages":[],"ComputerName":"DESKTOP-P7QOF3N","Duration":"00:00:00.0029640","StartTime":"2022-12-26T11:47:39.4415349+00:00","EndTime":"2022-12-26T11:47:39.444499+00:00","Properties":[{"Key":{"Id":"NUnit.Seed","Label":"Seed","Category":"","Description":"","Attributes":0,"ValueType":"System.String"},"Value":"678720658"}]}],"TestRunStatistics":{"ExecutedTests":22,"Stats":{"Passed":22}},"ActiveTests":[]},"RunAttachments":[],"ExecutorUris":["executor://nunit3testexecutor/"]}}
TpTrace Verbose: 0 : 15692, 13, 2022/12/26, 13:47:39.493, 10213187502617, vstest.console.dll, TestRequestSender.EndSession: Sending end session.
TpTrace Verbose: 0 : 15692, 13, 2022/12/26, 13:47:39.493, 10213187504197, vstest.console.dll, ProxyOperationManager.Close: waiting for test host to exit for 100 ms
TpTrace Warning: 0 : 15692, 11, 2022/12/26, 13:47:39.534, 10213187906747, vstest.console.dll, TestHostManagerCallbacks.ErrorReceivedCallback Test host standard error line: 
TpTrace Verbose: 0 : 15692, 11, 2022/12/26, 13:47:39.546, 10213188029520, vstest.console.dll, TestHostProvider.ExitCallBack: Host exited starting callback.
TpTrace Information: 0 : 15692, 11, 2022/12/26, 13:47:39.546, 10213188036096, vstest.console.dll, TestHostManagerCallbacks.ExitCallBack: Testhost processId: 18744 exited with exitcode: 0 error: ''
TpTrace Verbose: 0 : 15692, 11, 2022/12/26, 13:47:39.547, 10213188036927, vstest.console.dll, DotnetTestHostManager.OnHostExited: invoking OnHostExited callback
TpTrace Verbose: 0 : 15692, 11, 2022/12/26, 13:47:39.547, 10213188037616, vstest.console.dll, CrossPlatEngine.TestHostManagerHostExited: calling on client process exit callback.
TpTrace Information: 0 : 15692, 11, 2022/12/26, 13:47:39.547, 10213188038314, vstest.console.dll, TestRequestSender.OnClientProcessExit: Test host process exited. Standard error: 
TpTrace Information: 0 : 15692, 13, 2022/12/26, 13:47:39.547, 10213188038719, vstest.console.dll, SocketServer.Stop: Stop server endPoint: 127.0.0.1:63932
TpTrace Information: 0 : 15692, 13, 2022/12/26, 13:47:39.547, 10213188039376, vstest.console.dll, SocketServer.Stop: Cancellation requested. Stopping message loop.
TpTrace Information: 0 : 15692, 11, 2022/12/26, 13:47:39.547, 10213188038859, vstest.console.dll, SocketServer.Stop: Stop server endPoint: 127.0.0.1:63932
TpTrace Information: 0 : 15692, 11, 2022/12/26, 13:47:39.547, 10213188040394, vstest.console.dll, SocketServer.Stop: Cancellation requested. Stopping message loop.
TpTrace Information: 0 : 15692, 13, 2022/12/26, 13:47:39.547, 10213188040739, vstest.console.dll, Closing the connection
TpTrace Verbose: 0 : 15692, 11, 2022/12/26, 13:47:39.547, 10213188040999, vstest.console.dll, MulticastDelegateUtilities.SafeInvoke: HostProviderEvents.OnHostExited: Invoking callback 1/1 for Microsoft.VisualStudio.TestPlatform.CrossPlatEngine.Client.ProxyOperationManager.TestHostManagerHostExited, took 0 ms.
TpTrace Verbose: 0 : 15692, 13, 2022/12/26, 13:47:39.548, 10213188046521, vstest.console.dll, ProxyDataCollectionManager.InvokeDataCollectionServiceAction: Starting.
TpTrace Information: 0 : 15692, 13, 2022/12/26, 13:47:39.548, 10213188047201, vstest.console.dll, ProxyDataCollectionManager.AfterTestRunEnd: Get attachment set and invoked data collectors processId: 37876 port: 63929
TpTrace Verbose: 0 : 15692, 13, 2022/12/26, 13:47:39.548, 10213188047872, vstest.console.dll, DataCollectionRequestSender.SendAfterTestRunStartAndGetResult: Send AfterTestRunEnd message with isCancelled: False
TpTrace Verbose: 0 : 15692, 13, 2022/12/26, 13:47:39.557, 10213188136553, vstest.console.dll, DataCollectionRequestSender.SendAfterTestRunStartAndGetResult: Received message: (DataCollection.AfterTestRunEndResult) -> {
  "AttachmentSets": [],
  "InvokedDataCollectors": [
    {
      "Uri": "datacollector://Microsoft/TestPlatform/Extensions/Blame/v1",
      "FriendlyName": "Blame",
      "AssemblyQualifiedName": "Microsoft.TestPlatform.Extensions.BlameDataCollector.BlameCollector, Microsoft.TestPlatform.Extensions.BlameDataCollector, Version=15.0.0.0, Culture=neutral, PublicKeyToken=b03f5f7f11d50a3a",
      "FilePath": "C:\\Program Files\\dotnet\\sdk\\6.0.307\\Extensions\\Microsoft.TestPlatform.Extensions.BlameDataCollector.dll",
      "HasAttachmentProcessor": false
    }
  ],
  "Metrics": {}
}
TpTrace Warning: 0 : 15692, 10, 2022/12/26, 13:47:39.562, 10213188193519, vstest.console.dll, DataCollectionLauncher.ErrorReceivedCallback datacollector standard error line: 
TpTrace Information: 0 : 15692, 13, 2022/12/26, 13:47:39.564, 10213188215189, vstest.console.dll, ProxyDataCollectionManager.InvokeDataCollectionServiceAction: Completed.
TpTrace Information: 0 : 15692, 10, 2022/12/26, 13:47:39.569, 10213188258224, vstest.console.dll, DataCollectionLauncher.ExitCallBack: Data collector exited with exitcode: 0 error: ''
TpTrace Verbose: 0 : 15692, 13, 2022/12/26, 13:47:39.602, 10213188591284, vstest.console.dll, TestRunRequest:SendTestRunStatsChange: Starting.
TpTrace Verbose: 0 : 15692, 13, 2022/12/26, 13:47:39.602, 10213188592418, vstest.console.dll, MulticastDelegateUtilities.SafeInvoke: TestRun.RunStatsChanged: Invoking callbacks was skipped because there are no subscribers.
TpTrace Information: 0 : 15692, 13, 2022/12/26, 13:47:39.602, 10213188592746, vstest.console.dll, TestRunRequest:SendTestRunStatsChange: Completed.
TpTrace Verbose: 0 : 15692, 4, 2022/12/26, 13:47:39.602, 10213188593307, vstest.console.dll, MulticastDelegateUtilities.SafeInvoke: InternalTestLoggerEvents.SendTestResult: Invoking callback 1/1 for Microsoft.VisualStudio.TestPlatform.CommandLine.Internal.ConsoleLogger.TestResultHandler, took 0 ms.
TpTrace Verbose: 0 : 15692, 4, 2022/12/26, 13:47:39.602, 10213188594043, vstest.console.dll, MulticastDelegateUtilities.SafeInvoke: InternalTestLoggerEvents.SendTestResult: Invoking callback 1/1 for Microsoft.VisualStudio.TestPlatform.CommandLine.Internal.ConsoleLogger.TestResultHandler, took 0 ms.
TpTrace Verbose: 0 : 15692, 4, 2022/12/26, 13:47:39.602, 10213188594480, vstest.console.dll, MulticastDelegateUtilities.SafeInvoke: InternalTestLoggerEvents.SendTestResult: Invoking callback 1/1 for Microsoft.VisualStudio.TestPlatform.CommandLine.Internal.ConsoleLogger.TestResultHandler, took 0 ms.
TpTrace Verbose: 0 : 15692, 4, 2022/12/26, 13:47:39.602, 10213188595047, vstest.console.dll, MulticastDelegateUtilities.SafeInvoke: InternalTestLoggerEvents.SendTestResult: Invoking callback 1/1 for Microsoft.VisualStudio.TestPlatform.CommandLine.Internal.ConsoleLogger.TestResultHandler, took 0 ms.
TpTrace Verbose: 0 : 15692, 13, 2022/12/26, 13:47:39.602, 10213188595811, vstest.console.dll, ParallelProxyExecutionManager: HandlePartialRunComplete: Total completed clients = 1, Run complete = True, Run canceled: False.
TpTrace Verbose: 0 : 15692, 4, 2022/12/26, 13:47:39.615, 10213188722598, vstest.console.dll, MulticastDelegateUtilities.SafeInvoke: InternalTestLoggerEvents.SendTestRunComplete: Invoking callback 1/2 for Microsoft.TestPlatform.Extensions.BlameDataCollector.BlameLogger.TestRunCompleteHandler, took 0 ms.
TpTrace Verbose: 0 : 15692, 4, 2022/12/26, 13:47:39.622, 10213188792929, vstest.console.dll, MulticastDelegateUtilities.SafeInvoke: InternalTestLoggerEvents.SendTestRunComplete: Invoking callback 2/2 for Microsoft.VisualStudio.TestPlatform.CommandLine.Internal.ConsoleLogger.TestRunCompleteHandler, took 6 ms.
TpTrace Verbose: 0 : 15692, 13, 2022/12/26, 13:47:39.622, 10213188796076, vstest.console.dll, TestRunRequest:TestRunComplete: Starting. IsAborted:False IsCanceled:False.
TpTrace Verbose: 0 : 15692, 13, 2022/12/26, 13:47:39.623, 10213188804295, vstest.console.dll, TestLoggerManager.HandleTestRunComplete: Ignoring as the object is disposed.
TpTrace Verbose: 0 : 15692, 13, 2022/12/26, 13:47:39.624, 10213188806923, vstest.console.dll, MulticastDelegateUtilities.SafeInvoke: TestRun.TestRunComplete: Invoking callback 1/2 for Microsoft.VisualStudio.TestPlatform.CommandLine.TestRunResultAggregator.TestRunCompletionHandler, took 0 ms.
TpTrace Verbose: 0 : 15692, 13, 2022/12/26, 13:47:39.624, 10213188807850, vstest.console.dll, MulticastDelegateUtilities.SafeInvoke: TestRun.TestRunComplete: Invoking callback 2/2 for Microsoft.VisualStudio.TestPlatform.CommandLine.Processors.RunTestsArgumentExecutor+TestRunRequestEventsRegistrar.TestRunRequest_OnRunCompletion, took 0 ms.
TpTrace Information: 0 : 15692, 13, 2022/12/26, 13:47:39.624, 10213188808934, vstest.console.dll, TestRunRequest:TestRunComplete: Completed.
TpTrace Verbose: 0 : 15692, 13, 2022/12/26, 13:47:39.624, 10213188809400, vstest.console.dll, TestRequestSender.SetOperationComplete: Setting operation complete.
TpTrace Information: 0 : 15692, 13, 2022/12/26, 13:47:39.624, 10213188809659, vstest.console.dll, SocketServer.Stop: Stop server endPoint: 127.0.0.1:63932
TpTrace Verbose: 0 : 15692, 1, 2022/12/26, 13:47:39.624, 10213188809641, vstest.console.dll, TestRunRequest.Dispose: Starting.
TpTrace Information: 0 : 15692, 1, 2022/12/26, 13:47:39.624, 10213188810699, vstest.console.dll, TestRunRequest.Dispose: Completed.
TpTrace Information: 0 : 15692, 13, 2022/12/26, 13:47:39.624, 10213188809909, vstest.console.dll, SocketServer.Stop: Cancellation requested. Stopping message loop.
TpTrace Information: 0 : 15692, 1, 2022/12/26, 13:47:39.624, 10213188811186, vstest.console.dll, TestRequestManager.RunTests: run tests completed.
TpTrace Verbose: 0 : 15692, 13, 2022/12/26, 13:47:39.624, 10213188811617, vstest.console.dll, MulticastDelegateUtilities.SafeInvoke: LengthPrefixCommunicationChannel: MessageReceived: Invoking callback 1/1 for Microsoft.VisualStudio.TestPlatform.CommunicationUtilities.TestRequestSender+<>c__DisplayClass30_0.<StartTestRun>b__1, took 131 ms.
TpTrace Information: 0 : 15692, 13, 2022/12/26, 13:47:39.624, 10213188812655, vstest.console.dll, SocketServer.PrivateStop: Stopping server endPoint: 127.0.0.1:63932 error: 
TpTrace Information: 0 : 15692, 1, 2022/12/26, 13:47:39.624, 10213188812662, vstest.console.dll, RunTestsArgumentProcessor:Execute: Test run is completed.
TpTrace Verbose: 0 : 15692, 1, 2022/12/26, 13:47:39.624, 10213188815326, vstest.console.dll, Executor.Execute: Exiting with exit code of 0
TpTrace Verbose: 0 : 15692, 13, 2022/12/26, 13:47:39.625, 10213188817106, vstest.console.dll, LengthPrefixCommunicationChannel.Dispose: Dispose reader and writer.
TpTrace Information: 0 : 15692, 13, 2022/12/26, 13:47:39.625, 10213188817793, vstest.console.dll, SocketServer.Stop: Raise disconnected event endPoint: 127.0.0.1:63932 error: 
TpTrace Verbose: 0 : 15692, 13, 2022/12/26, 13:47:39.625, 10213188818414, vstest.console.dll, TestRequestSender: OnTestRunAbort: Operation is already complete. Skip error message.
TpTrace Verbose: 0 : 15692, 13, 2022/12/26, 13:47:39.625, 10213188818789, vstest.console.dll, MulticastDelegateUtilities.SafeInvoke: SocketServer: ClientDisconnected: Invoking callback 1/1 for Microsoft.VisualStudio.TestPlatform.CommunicationUtilities.TestRequestSender.<InitializeCommunication>b__23_1, took 0 ms.
TpTrace Verbose: 0 : 15692, 13, 2022/12/26, 13:47:39.625, 10213188819050, vstest.console.dll, TcpClientExtensions.MessageLoopAsync: exiting MessageLoopAsync remoteEndPoint: 127.0.0.1:63933 localEndPoint: 127.0.0.1:63932
